<?xml version="1.0" encoding="UTF-8"?>
<!-- Generated by org.testng.reporters.JUnitXMLReporter -->
<testsuite hostname="UMESH-PC" name="Test" tests="7" failures="0" timestamp="19 Aug 2015 04:52:36 GMT" time="56.118" errors="0">
  <testcase name="@BeforeTest openViaHomepage" time="0.0" classname="com.via.holiday.pages.TestHomePageHoliday">
    <failure type="org.openqa.selenium.WebDriverException" message="Failed to connect to binary FirefoxBinary(C:\Program Files (x86)\Mozilla Firefox\firefox.exe) on port 7055; process output follows: 
-93CWPmRbVPjRQA@jetpack.xpi
1439959911171	addons.xpi	DEBUG	Calling bootstrap method startup on jid1-93CWPmRbVPjRQA@jetpack version 2.0.10
1439959911253	addons.manager	DEBUG	Registering shutdown blocker for XPIProvider
1439959911254	addons.manager	DEBUG	Provider finished startup: XPIProvider
1439959911255	addons.manager	DEBUG	Starting provider: LightweightThemeManager
1439959911255	addons.manager	DEBUG	Registering shutdown blocker for LightweightThemeManager
1439959911255	addons.manager	DEBUG	Provider finished startup: LightweightThemeManager
1439959911256	addons.manager	DEBUG	Starting provider: GMPProvider
1439959911263	addons.manager	DEBUG	Registering shutdown blocker for GMPProvider
1439959911264	addons.manager	DEBUG	Provider finished startup: GMPProvider
1439959911264	addons.manager	DEBUG	Starting provider: PluginProvider
1439959911264	addons.manager	DEBUG	Registering shutdown blocker for PluginProvider
1439959911265	addons.manager	DEBUG	Provider finished startup: PluginProvider
1439959911266	addons.manager	DEBUG	Completed startup sequence
1439959911414	addons.xpi-utils	DEBUG	Starting async load of XPI database C:\Users\UMESH\AppData\Local\Temp\anonymous8684591371961257518webdriver-profile\extensions.json
*** Blocklist::_loadBlocklistFromFile: blocklist is disabled
1439959911626	addons.manager	DEBUG	Starting provider: &amp;lt;unnamed-provider&amp;gt;
1439959911626	addons.manager	DEBUG	Registering shutdown blocker for &amp;lt;unnamed-provider&amp;gt;
1439959911627	addons.manager	DEBUG	Provider finished startup: &amp;lt;unnamed-provider&amp;gt;
1439959911817	addons.xpi-utils	DEBUG	Async JSON file read took 0 MS
1439959911817	addons.xpi-utils	DEBUG	Finished async read of XPI database, parsing...
1439959911819	addons.xpi-utils	DEBUG	Successfully read XPI database
1439959912467	addons.manager	DEBUG	Starting provider: PreviousExperimentProvider
1439959912468	addons.manager	DEBUG	Registering shutdown blocker for PreviousExperimentProvider
1439959912468	addons.manager	DEBUG	Provider finished startup: PreviousExperimentProvider
JavaScript error: file:///C:/Users/UMESH/AppData/Local/Temp/anonymous8684591371961257518webdriver-profile/extensions/fxdriver@googlecode.com/components/driver-component.js, line 11464: TypeError: this.server_ is undefined
JavaScript error: chrome://fxdriver/content/server.js, line 38: NS_ERROR_XPC_CI_RETURNED_FAILURE: Component returned failure code: 0x80570015 (NS_ERROR_XPC_CI_RETURNED_FAILURE) [nsIJSCID.createInstance]
console.error: f: 
  Message: Module `sdk/deprecated/events` is not found at resource://gre/modules/commonjs/sdk/deprecated/events.js
  Stack:
    CuddlefishLoader/options&amp;lt;.load@resource://gre/modules/commonjs/sdk/loader/cuddlefish.js:79:18
ToolbarButton@resource://985c8d42048c4cbeb0bed522bd235ee7-at-jetpack/f/lib/toolbarbutton.js:1:684
exports.main@resource://985c8d42048c4cbeb0bed522bd235ee7-at-jetpack/f/lib/main.js:1:5170
run@resource://gre/modules/commonjs/sdk/addon/runner.js:151:1
startup/&amp;lt;/&amp;lt;@resource://gre/modules/commonjs/sdk/addon/runner.js:86:7
Handler.prototype.process@resource://gre/modules/Promise-backend.js:867:23
this.PromiseWalker.walkerLoop@resource://gre/modules/Promise-backend.js:746:7
this.PromiseWalker.scheduleWalkerLoop/&amp;lt;@resource://gre/modules/Promise-backend.js:688:37

console.error: f: 
  Message: Module `sdk/deprecated/events` is not found at resource://gre/modules/commonjs/sdk/deprecated/events.js
  Stack:
    CuddlefishLoader/options&amp;lt;.load@resource://gre/modules/commonjs/sdk/loader/cuddlefish.js:79:18
ToolbarButton@resource://985c8d42048c4cbeb0bed522bd235ee7-at-jetpack/f/lib/toolbarbutton.js:1:684
exports.main@resource://985c8d42048c4cbeb0bed522bd235ee7-at-jetpack/f/lib/main.js:1:5170
run@resource://gre/modules/commonjs/sdk/addon/runner.js:151:1
startup/&amp;lt;/&amp;lt;@resource://gre/modules/commonjs/sdk/addon/runner.js:86:7
Handler.prototype.process@resource://gre/modules/Promise-backend.js:867:23
this.PromiseWalker.walkerLoop@resource://gre/modules/Promise-backend.js:746:7
this.PromiseWalker.scheduleWalkerLoop/&amp;lt;@resource://gre/modules/Promise-backend.js:688:37


Build info: version: &amp;apos;2.43.0&amp;apos;, revision: &amp;apos;accb3003b9fb8f7cae30f9669b4c594a065396a6&amp;apos;, time: &amp;apos;2014-09-09 22:22:51&amp;apos;
System info: host: &amp;apos;UMESH-PC&amp;apos;, ip: &amp;apos;172.16.104.65&amp;apos;, os.name: &amp;apos;Windows 7&amp;apos;, os.arch: &amp;apos;amd64&amp;apos;, os.version: &amp;apos;6.1&amp;apos;, java.version: &amp;apos;1.7.0_67&amp;apos;
Driver info: driver.version: FirefoxDriver">
      <![CDATA[org.openqa.selenium.WebDriverException: Failed to connect to binary FirefoxBinary(C:\Program Files (x86)\Mozilla Firefox\firefox.exe) on port 7055; process output follows: 
-93CWPmRbVPjRQA@jetpack.xpi
1439959911171	addons.xpi	DEBUG	Calling bootstrap method startup on jid1-93CWPmRbVPjRQA@jetpack version 2.0.10
1439959911253	addons.manager	DEBUG	Registering shutdown blocker for XPIProvider
1439959911254	addons.manager	DEBUG	Provider finished startup: XPIProvider
1439959911255	addons.manager	DEBUG	Starting provider: LightweightThemeManager
1439959911255	addons.manager	DEBUG	Registering shutdown blocker for LightweightThemeManager
1439959911255	addons.manager	DEBUG	Provider finished startup: LightweightThemeManager
1439959911256	addons.manager	DEBUG	Starting provider: GMPProvider
1439959911263	addons.manager	DEBUG	Registering shutdown blocker for GMPProvider
1439959911264	addons.manager	DEBUG	Provider finished startup: GMPProvider
1439959911264	addons.manager	DEBUG	Starting provider: PluginProvider
1439959911264	addons.manager	DEBUG	Registering shutdown blocker for PluginProvider
1439959911265	addons.manager	DEBUG	Provider finished startup: PluginProvider
1439959911266	addons.manager	DEBUG	Completed startup sequence
1439959911414	addons.xpi-utils	DEBUG	Starting async load of XPI database C:\Users\UMESH\AppData\Local\Temp\anonymous8684591371961257518webdriver-profile\extensions.json
*** Blocklist::_loadBlocklistFromFile: blocklist is disabled
1439959911626	addons.manager	DEBUG	Starting provider: <unnamed-provider>
1439959911626	addons.manager	DEBUG	Registering shutdown blocker for <unnamed-provider>
1439959911627	addons.manager	DEBUG	Provider finished startup: <unnamed-provider>
1439959911817	addons.xpi-utils	DEBUG	Async JSON file read took 0 MS
1439959911817	addons.xpi-utils	DEBUG	Finished async read of XPI database, parsing...
1439959911819	addons.xpi-utils	DEBUG	Successfully read XPI database
1439959912467	addons.manager	DEBUG	Starting provider: PreviousExperimentProvider
1439959912468	addons.manager	DEBUG	Registering shutdown blocker for PreviousExperimentProvider
1439959912468	addons.manager	DEBUG	Provider finished startup: PreviousExperimentProvider
JavaScript error: file:///C:/Users/UMESH/AppData/Local/Temp/anonymous8684591371961257518webdriver-profile/extensions/fxdriver@googlecode.com/components/driver-component.js, line 11464: TypeError: this.server_ is undefined
JavaScript error: chrome://fxdriver/content/server.js, line 38: NS_ERROR_XPC_CI_RETURNED_FAILURE: Component returned failure code: 0x80570015 (NS_ERROR_XPC_CI_RETURNED_FAILURE) [nsIJSCID.createInstance]
console.error: f: 
  Message: Module `sdk/deprecated/events` is not found at resource://gre/modules/commonjs/sdk/deprecated/events.js
  Stack:
    CuddlefishLoader/options<.load@resource://gre/modules/commonjs/sdk/loader/cuddlefish.js:79:18
ToolbarButton@resource://985c8d42048c4cbeb0bed522bd235ee7-at-jetpack/f/lib/toolbarbutton.js:1:684
exports.main@resource://985c8d42048c4cbeb0bed522bd235ee7-at-jetpack/f/lib/main.js:1:5170
run@resource://gre/modules/commonjs/sdk/addon/runner.js:151:1
startup/</<@resource://gre/modules/commonjs/sdk/addon/runner.js:86:7
Handler.prototype.process@resource://gre/modules/Promise-backend.js:867:23
this.PromiseWalker.walkerLoop@resource://gre/modules/Promise-backend.js:746:7
this.PromiseWalker.scheduleWalkerLoop/<@resource://gre/modules/Promise-backend.js:688:37

console.error: f: 
  Message: Module `sdk/deprecated/events` is not found at resource://gre/modules/commonjs/sdk/deprecated/events.js
  Stack:
    CuddlefishLoader/options<.load@resource://gre/modules/commonjs/sdk/loader/cuddlefish.js:79:18
ToolbarButton@resource://985c8d42048c4cbeb0bed522bd235ee7-at-jetpack/f/lib/toolbarbutton.js:1:684
exports.main@resource://985c8d42048c4cbeb0bed522bd235ee7-at-jetpack/f/lib/main.js:1:5170
run@resource://gre/modules/commonjs/sdk/addon/runner.js:151:1
startup/</<@resource://gre/modules/commonjs/sdk/addon/runner.js:86:7
Handler.prototype.process@resource://gre/modules/Promise-backend.js:867:23
this.PromiseWalker.walkerLoop@resource://gre/modules/Promise-backend.js:746:7
this.PromiseWalker.scheduleWalkerLoop/<@resource://gre/modules/Promise-backend.js:688:37


Build info: version: '2.43.0', revision: 'accb3003b9fb8f7cae30f9669b4c594a065396a6', time: '2014-09-09 22:22:51'
System info: host: 'UMESH-PC', ip: '172.16.104.65', os.name: 'Windows 7', os.arch: 'amd64', os.version: '6.1', java.version: '1.7.0_67'
Driver info: driver.version: FirefoxDriver
	at org.openqa.selenium.firefox.internal.NewProfileExtensionConnection.start(NewProfileExtensionConnection.java:130)
	at org.openqa.selenium.firefox.FirefoxDriver.startClient(FirefoxDriver.java:246)
	at org.openqa.selenium.remote.RemoteWebDriver.<init>(RemoteWebDriver.java:114)
	at org.openqa.selenium.firefox.FirefoxDriver.<init>(FirefoxDriver.java:191)
	at org.openqa.selenium.firefox.FirefoxDriver.<init>(FirefoxDriver.java:186)
	at org.openqa.selenium.firefox.FirefoxDriver.<init>(FirefoxDriver.java:182)
	at org.openqa.selenium.firefox.FirefoxDriver.<init>(FirefoxDriver.java:99)
	at com.via.base.util.SeleniumBase.openBrowsers(SeleniumBase.java:32)
	at com.via.holiday.pages.HomePageHoliday.openB2CBrowser(HomePageHoliday.java:12)
	at com.via.holiday.pages.TestHomePageHoliday.openViaHomepage(TestHomePageHoliday.java:15)
Caused by: org.openqa.selenium.firefox.NotConnectedException: Unable to connect to host 127.0.0.1 on port 7055 after 45000 ms. Firefox console output:
-93CWPmRbVPjRQA@jetpack.xpi
1439959911171	addons.xpi	DEBUG	Calling bootstrap method startup on jid1-93CWPmRbVPjRQA@jetpack version 2.0.10
1439959911253	addons.manager	DEBUG	Registering shutdown blocker for XPIProvider
1439959911254	addons.manager	DEBUG	Provider finished startup: XPIProvider
1439959911255	addons.manager	DEBUG	Starting provider: LightweightThemeManager
1439959911255	addons.manager	DEBUG	Registering shutdown blocker for LightweightThemeManager
1439959911255	addons.manager	DEBUG	Provider finished startup: LightweightThemeManager
1439959911256	addons.manager	DEBUG	Starting provider: GMPProvider
1439959911263	addons.manager	DEBUG	Registering shutdown blocker for GMPProvider
1439959911264	addons.manager	DEBUG	Provider finished startup: GMPProvider
1439959911264	addons.manager	DEBUG	Starting provider: PluginProvider
1439959911264	addons.manager	DEBUG	Registering shutdown blocker for PluginProvider
1439959911265	addons.manager	DEBUG	Provider finished startup: PluginProvider
1439959911266	addons.manager	DEBUG	Completed startup sequence
1439959911414	addons.xpi-utils	DEBUG	Starting async load of XPI database C:\Users\UMESH\AppData\Local\Temp\anonymous8684591371961257518webdriver-profile\extensions.json
*** Blocklist::_loadBlocklistFromFile: blocklist is disabled
1439959911626	addons.manager	DEBUG	Starting provider: <unnamed-provider>
1439959911626	addons.manager	DEBUG	Registering shutdown blocker for <unnamed-provider>
1439959911627	addons.manager	DEBUG	Provider finished startup: <unnamed-provider>
1439959911817	addons.xpi-utils	DEBUG	Async JSON file read took 0 MS
1439959911817	addons.xpi-utils	DEBUG	Finished async read of XPI database, parsing...
1439959911819	addons.xpi-utils	DEBUG	Successfully read XPI database
1439959912467	addons.manager	DEBUG	Starting provider: PreviousExperimentProvider
1439959912468	addons.manager	DEBUG	Registering shutdown blocker for PreviousExperimentProvider
1439959912468	addons.manager	DEBUG	Provider finished startup: PreviousExperimentProvider
JavaScript error: file:///C:/Users/UMESH/AppData/Local/Temp/anonymous8684591371961257518webdriver-profile/extensions/fxdriver@googlecode.com/components/driver-component.js, line 11464: TypeError: this.server_ is undefined
JavaScript error: chrome://fxdriver/content/server.js, line 38: NS_ERROR_XPC_CI_RETURNED_FAILURE: Component returned failure code: 0x80570015 (NS_ERROR_XPC_CI_RETURNED_FAILURE) [nsIJSCID.createInstance]
console.error: f: 
  Message: Module `sdk/deprecated/events` is not found at resource://gre/modules/commonjs/sdk/deprecated/events.js
  Stack:
    CuddlefishLoader/options<.load@resource://gre/modules/commonjs/sdk/loader/cuddlefish.js:79:18
ToolbarButton@resource://985c8d42048c4cbeb0bed522bd235ee7-at-jetpack/f/lib/toolbarbutton.js:1:684
exports.main@resource://985c8d42048c4cbeb0bed522bd235ee7-at-jetpack/f/lib/main.js:1:5170
run@resource://gre/modules/commonjs/sdk/addon/runner.js:151:1
startup/</<@resource://gre/modules/commonjs/sdk/addon/runner.js:86:7
Handler.prototype.process@resource://gre/modules/Promise-backend.js:867:23
this.PromiseWalker.walkerLoop@resource://gre/modules/Promise-backend.js:746:7
this.PromiseWalker.scheduleWalkerLoop/<@resource://gre/modules/Promise-backend.js:688:37

console.error: f: 
  Message: Module `sdk/deprecated/events` is not found at resource://gre/modules/commonjs/sdk/deprecated/events.js
  Stack:
    CuddlefishLoader/options<.load@resource://gre/modules/commonjs/sdk/loader/cuddlefish.js:79:18
ToolbarButton@resource://985c8d42048c4cbeb0bed522bd235ee7-at-jetpack/f/lib/toolbarbutton.js:1:684
exports.main@resource://985c8d42048c4cbeb0bed522bd235ee7-at-jetpack/f/lib/main.js:1:5170
run@resource://gre/modules/commonjs/sdk/addon/runner.js:151:1
startup/</<@resource://gre/modules/commonjs/sdk/addon/runner.js:86:7
Handler.prototype.process@resource://gre/modules/Promise-backend.js:867:23
this.PromiseWalker.walkerLoop@resource://gre/modules/Promise-backend.js:746:7
this.PromiseWalker.scheduleWalkerLoop/<@resource://gre/modules/Promise-backend.js:688:37


	at org.openqa.selenium.firefox.internal.NewProfileExtensionConnection.start(NewProfileExtensionConnection.java:118)
	... 31 more
... Removed 22 stack frames]]>
    </failure>
  </testcase> <!-- @BeforeTest openViaHomepage -->
  <testcase name="@AfterTest exit" time="0.0" classname="com.via.holiday.pages.TestHomePageHoliday">
    <skipped/>
  </testcase> <!-- @AfterTest exit -->
  <testcase name="logoTest" time="0.0" classname="com.via.holiday.pages.TestHomePageHoliday">
    <skipped/>
  </testcase> <!-- logoTest -->
  <testcase name="menuProductIconTest" time="0.0" classname="com.via.holiday.pages.TestHomePageHoliday">
    <skipped/>
  </testcase> <!-- menuProductIconTest -->
  <testcase name="menuProductNameTest" time="0.0" classname="com.via.holiday.pages.TestHomePageHoliday">
    <skipped/>
  </testcase> <!-- menuProductNameTest -->
  <testcase name="testHotDealsImagesPresent" time="0.01" classname="com.via.holiday.pages.TestHomePageHoliday">
    <skipped/>
  </testcase> <!-- testHotDealsImagesPresent -->
  <testcase name="testPackagesCollectionImagesPresent" time="0.0" classname="com.via.holiday.pages.TestHomePageHoliday">
    <skipped/>
  </testcase> <!-- testPackagesCollectionImagesPresent -->
  <testcase name="testwhyViaFooterImages" time="0.0" classname="com.via.holiday.pages.TestHomePageHoliday">
    <skipped/>
  </testcase> <!-- testwhyViaFooterImages -->
  <testcase name="titleHolidayTest" time="0.0" classname="com.via.holiday.pages.TestHomePageHoliday">
    <skipped/>
  </testcase> <!-- titleHolidayTest -->
</testsuite> <!-- Test -->
