<html>
<head>
<title>TestNG:  Test</title>
<link href="../testng.css" rel="stylesheet" type="text/css" />
<link href="../my-testng.css" rel="stylesheet" type="text/css" />

<style type="text/css">
.log { display: none;} 
.stack-trace { display: none;} 
</style>
<script type="text/javascript">
<!--
function flip(e) {
  current = e.style.display;
  if (current == 'block') {
    e.style.display = 'none';
    return 0;
  }
  else {
    e.style.display = 'block';
    return 1;
  }
}

function toggleBox(szDivId, elem, msg1, msg2)
{
  var res = -1;  if (document.getElementById) {
    res = flip(document.getElementById(szDivId));
  }
  else if (document.all) {
    // this is the way old msie versions work
    res = flip(document.all[szDivId]);
  }
  if(elem) {
    if(res == 0) elem.innerHTML = msg1; else elem.innerHTML = msg2;
  }

}

function toggleAllBoxes() {
  if (document.getElementsByTagName) {
    d = document.getElementsByTagName('div');
    for (i = 0; i < d.length; i++) {
      if (d[i].className == 'log') {
        flip(d[i]);
      }
    }
  }
}

// -->
</script>

</head>
<body>
<h2 align='center'>Test</h2><table border='1' align="center">
<tr>
<td>Tests passed/Failed/Skipped:</td><td>0/0/7</td>
</tr><tr>
<td>Started on:</td><td>Wed Aug 19 10:21:40 IST 2015</td>
</tr>
<tr><td>Total time:</td><td>56 seconds (56118 ms)</td>
</tr><tr>
<td>Included groups:</td><td></td>
</tr><tr>
<td>Excluded groups:</td><td></td>
</tr>
</table><p/>
<small><i>(Hover the method name to see the test class name)</i></small><p/>
<table width='100%' border='1' class='invocation-failed'>
<tr><td colspan='4' align='center'><b>FAILED CONFIGURATIONS</b></td></tr>
<tr><td><b>Test method</b></td>
<td width="30%"><b>Exception</b></td>
<td width="10%"><b>Time (seconds)</b></td>
<td><b>Instance</b></td>
</tr>
<tr>
<td title='com.via.holiday.pages.TestHomePageHoliday.openViaHomepage()'><b>openViaHomepage</b><br>Test class: com.via.holiday.pages.TestHomePageHoliday</td>
<td><div><pre>org.openqa.selenium.WebDriverException: Failed to connect to binary FirefoxBinary(C:\Program Files (x86)\Mozilla Firefox\firefox.exe) on port 7055; process output follows: 
-93CWPmRbVPjRQA@jetpack.xpi
1439959911171	addons.xpi	DEBUG	Calling bootstrap method startup on jid1-93CWPmRbVPjRQA@jetpack version 2.0.10
1439959911253	addons.manager	DEBUG	Registering shutdown blocker for XPIProvider
1439959911254	addons.manager	DEBUG	Provider finished startup: XPIProvider
1439959911255	addons.manager	DEBUG	Starting provider: LightweightThemeManager
1439959911255	addons.manager	DEBUG	Registering shutdown blocker for LightweightThemeManager
1439959911255	addons.manager	DEBUG	Provider finished startup: LightweightThemeManager
1439959911256	addons.manager	DEBUG	Starting provider: GMPProvider
1439959911263	addons.manager	DEBUG	Registering shutdown blocker for GMPProvider
1439959911264	addons.manager	DEBUG	Provider finished startup: GMPProvider
1439959911264	addons.manager	DEBUG	Starting provider: PluginProvider
1439959911264	addons.manager	DEBUG	Registering shutdown blocker for PluginProvider
1439959911265	addons.manager	DEBUG	Provider finished startup: PluginProvider
1439959911266	addons.manager	DEBUG	Completed startup sequence
1439959911414	addons.xpi-utils	DEBUG	Starting async load of XPI database C:\Users\UMESH\AppData\Local\Temp\anonymous8684591371961257518webdriver-profile\extensions.json
*** Blocklist::_loadBlocklistFromFile: blocklist is disabled
1439959911626	addons.manager	DEBUG	Starting provider: &lt;unnamed-provider&gt;
1439959911626	addons.manager	DEBUG	Registering shutdown blocker for &lt;unnamed-provider&gt;
1439959911627	addons.manager	DEBUG	Provider finished startup: &lt;unnamed-provider&gt;
1439959911817	addons.xpi-utils	DEBUG	Async JSON file read took 0 MS
1439959911817	addons.xpi-utils	DEBUG	Finished async read of XPI database, parsing...
1439959911819	addons.xpi-utils	DEBUG	Successfully read XPI database
1439959912467	addons.manager	DEBUG	Starting provider: PreviousExperimentProvider
1439959912468	addons.manager	DEBUG	Registering shutdown blocker for PreviousExperimentProvider
1439959912468	addons.manager	DEBUG	Provider finished startup: PreviousExperimentProvider
JavaScript error: file:///C:/Users/UMESH/AppData/Local/Temp/anonymous8684591371961257518webdriver-profile/extensions/fxdriver@googlecode.com/components/driver-component.js, line 11464: TypeError: this.server_ is undefined
JavaScript error: chrome://fxdriver/content/server.js, line 38: NS_ERROR_XPC_CI_RETURNED_FAILURE: Component returned failure code: 0x80570015 (NS_ERROR_XPC_CI_RETURNED_FAILURE) [nsIJSCID.createInstance]
console.error: f: 
  Message: Module `sdk/deprecated/events` is not found at resource://gre/modules/commonjs/sdk/deprecated/events.js
  Stack:
    CuddlefishLoader/options&lt;.load@resource://gre/modules/commonjs/sdk/loader/cuddlefish.js:79:18
ToolbarButton@resource://985c8d42048c4cbeb0bed522bd235ee7-at-jetpack/f/lib/toolbarbutton.js:1:684
exports.main@resource://985c8d42048c4cbeb0bed522bd235ee7-at-jetpack/f/lib/main.js:1:5170
run@resource://gre/modules/commonjs/sdk/addon/runner.js:151:1
startup/&lt;/&lt;@resource://gre/modules/commonjs/sdk/addon/runner.js:86:7
Handler.prototype.process@resource://gre/modules/Promise-backend.js:867:23
this.PromiseWalker.walkerLoop@resource://gre/modules/Promise-backend.js:746:7
this.PromiseWalker.scheduleWalkerLoop/&lt;@resource://gre/modules/Promise-backend.js:688:37

console.error: f: 
  Message: Module `sdk/deprecated/events` is not found at resource://gre/modules/commonjs/sdk/deprecated/events.js
  Stack:
    CuddlefishLoader/options&lt;.load@resource://gre/modules/commonjs/sdk/loader/cuddlefish.js:79:18
ToolbarButton@resource://985c8d42048c4cbeb0bed522bd235ee7-at-jetpack/f/lib/toolbarbutton.js:1:684
exports.main@resource://985c8d42048c4cbeb0bed522bd235ee7-at-jetpack/f/lib/main.js:1:5170
run@resource://gre/modules/commonjs/sdk/addon/runner.js:151:1
startup/&lt;/&lt;@resource://gre/modules/commonjs/sdk/addon/runner.js:86:7
Handler.prototype.process@resource://gre/modules/Promise-backend.js:867:23
this.PromiseWalker.walkerLoop@resource://gre/modules/Promise-backend.js:746:7
this.PromiseWalker.scheduleWalkerLoop/&lt;@resource://gre/modules/Promise-backend.js:688:37


Build info: version: &apos;2.43.0&apos;, revision: &apos;accb3003b9fb8f7cae30f9669b4c594a065396a6&apos;, time: &apos;2014-09-09 22:22:51&apos;
System info: host: &apos;UMESH-PC&apos;, ip: &apos;172.16.104.65&apos;, os.name: &apos;Windows 7&apos;, os.arch: &apos;amd64&apos;, os.version: &apos;6.1&apos;, java.version: &apos;1.7.0_67&apos;
Driver info: driver.version: FirefoxDriver
	at org.openqa.selenium.firefox.internal.NewProfileExtensionConnection.start(NewProfileExtensionConnection.java:130)
	at org.openqa.selenium.firefox.FirefoxDriver.startClient(FirefoxDriver.java:246)
	at org.openqa.selenium.remote.RemoteWebDriver.&lt;init&gt;(RemoteWebDriver.java:114)
	at org.openqa.selenium.firefox.FirefoxDriver.&lt;init&gt;(FirefoxDriver.java:191)
	at org.openqa.selenium.firefox.FirefoxDriver.&lt;init&gt;(FirefoxDriver.java:186)
	at org.openqa.selenium.firefox.FirefoxDriver.&lt;init&gt;(FirefoxDriver.java:182)
	at org.openqa.selenium.firefox.FirefoxDriver.&lt;init&gt;(FirefoxDriver.java:99)
	at com.via.base.util.SeleniumBase.openBrowsers(SeleniumBase.java:32)
	at com.via.holiday.pages.HomePageHoliday.openB2CBrowser(HomePageHoliday.java:12)
	at com.via.holiday.pages.TestHomePageHoliday.openViaHomepage(TestHomePageHoliday.java:15)
Caused by: org.openqa.selenium.firefox.NotConnectedException: Unable to connect to host 127.0.0.1 on port 7055 after 45000 ms. Firefox console output:
-93CWPmRbVPjRQA@jetpack.xpi
1439959911171	addons.xpi	DEBUG	Calling bootstrap method startup on jid1-93CWPmRbVPjRQA@jetpack version 2.0.10
1439959911253	addons.manager	DEBUG	Registering shutdown blocker for XPIProvider
1439959911254	addons.manager	DEBUG	Provider finished startup: XPIProvider
1439959911255	addons.manager	DEBUG	Starting provider: LightweightThemeManager
1439959911255	addons.manager	DEBUG	Registering shutdown blocker for LightweightThemeManager
1439959911255	addons.manager	DEBUG	Provider finished startup: LightweightThemeManager
1439959911256	addons.manager	DEBUG	Starting provider: GMPProvider
1439959911263	addons.manager	DEBUG	Registering shutdown blocker for GMPProvider
1439959911264	addons.manager	DEBUG	Provider finished startup: GMPProvider
1439959911264	addons.manager	DEBUG	Starting provider: PluginProvider
1439959911264	addons.manager	DEBUG	Registering shutdown blocker for PluginProvider
1439959911265	addons.manager	DEBUG	Provider finished startup: PluginProvider
1439959911266	addons.manager	DEBUG	Completed startup sequence
1439959911414	addons.xpi-utils	DEBUG	Starting async load of XPI database C:\Users\UMESH\AppData\Local\Temp\anonymous8684591371961257518webdriver-profile\extensions.json
*** Blocklist::_loadBlocklistFromFile: blocklist is disabled
1439959911626	addons.manager	DEBUG	Starting provider: &lt;unnamed-provider&gt;
1439959911626	addons.manager	DEBUG	Registering shutdown blocker for &lt;unnamed-provider&gt;
1439959911627	addons.manager	DEBUG	Provider finished startup: &lt;unnamed-provider&gt;
1439959911817	addons.xpi-utils	DEBUG	Async JSON file read took 0 MS
1439959911817	addons.xpi-utils	DEBUG	Finished async read of XPI database, parsing...
1439959911819	addons.xpi-utils	DEBUG	Successfully read XPI database
1439959912467	addons.manager	DEBUG	Starting provider: PreviousExperimentProvider
1439959912468	addons.manager	DEBUG	Registering shutdown blocker for PreviousExperimentProvider
1439959912468	addons.manager	DEBUG	Provider finished startup: PreviousExperimentProvider
JavaScript error: file:///C:/Users/UMESH/AppData/Local/Temp/anonymous8684591371961257518webdriver-profile/extensions/fxdriver@googlecode.com/components/driver-component.js, line 11464: TypeError: this.server_ is undefined
JavaScript error: chrome://fxdriver/content/server.js, line 38: NS_ERROR_XPC_CI_RETURNED_FAILURE: Component returned failure code: 0x80570015 (NS_ERROR_XPC_CI_RETURNED_FAILURE) [nsIJSCID.createInstance]
console.error: f: 
  Message: Module `sdk/deprecated/events` is not found at resource://gre/modules/commonjs/sdk/deprecated/events.js
  Stack:
    CuddlefishLoader/options&lt;.load@resource://gre/modules/commonjs/sdk/loader/cuddlefish.js:79:18
ToolbarButton@resource://985c8d42048c4cbeb0bed522bd235ee7-at-jetpack/f/lib/toolbarbutton.js:1:684
exports.main@resource://985c8d42048c4cbeb0bed522bd235ee7-at-jetpack/f/lib/main.js:1:5170
run@resource://gre/modules/commonjs/sdk/addon/runner.js:151:1
startup/&lt;/&lt;@resource://gre/modules/commonjs/sdk/addon/runner.js:86:7
Handler.prototype.process@resource://gre/modules/Promise-backend.js:867:23
this.PromiseWalker.walkerLoop@resource://gre/modules/Promise-backend.js:746:7
this.PromiseWalker.scheduleWalkerLoop/&lt;@resource://gre/modules/Promise-backend.js:688:37

console.error: f: 
  Message: Module `sdk/deprecated/events` is not found at resource://gre/modules/commonjs/sdk/deprecated/events.js
  Stack:
    CuddlefishLoader/options&lt;.load@resource://gre/modules/commonjs/sdk/loader/cuddlefish.js:79:18
ToolbarButton@resource://985c8d42048c4cbeb0bed522bd235ee7-at-jetpack/f/lib/toolbarbutton.js:1:684
exports.main@resource://985c8d42048c4cbeb0bed522bd235ee7-at-jetpack/f/lib/main.js:1:5170
run@resource://gre/modules/commonjs/sdk/addon/runner.js:151:1
startup/&lt;/&lt;@resource://gre/modules/commonjs/sdk/addon/runner.js:86:7
Handler.prototype.process@resource://gre/modules/Promise-backend.js:867:23
this.PromiseWalker.walkerLoop@resource://gre/modules/Promise-backend.js:746:7
this.PromiseWalker.scheduleWalkerLoop/&lt;@resource://gre/modules/Promise-backend.js:688:37


	at org.openqa.selenium.firefox.internal.NewProfileExtensionConnection.start(NewProfileExtensionConnection.java:118)
	... 31 more
... Removed 22 stack frames</pre></div><a href='#' onClick='toggleBox("stack-trace10775091", this, "Click to show all stack frames", "Click to hide stack frames")'>Click to show all stack frames</a>
<div class='stack-trace' id='stack-trace10775091'><pre>org.openqa.selenium.WebDriverException: Failed to connect to binary FirefoxBinary(C:\Program Files (x86)\Mozilla Firefox\firefox.exe) on port 7055; process output follows: 
-93CWPmRbVPjRQA@jetpack.xpi
1439959911171	addons.xpi	DEBUG	Calling bootstrap method startup on jid1-93CWPmRbVPjRQA@jetpack version 2.0.10
1439959911253	addons.manager	DEBUG	Registering shutdown blocker for XPIProvider
1439959911254	addons.manager	DEBUG	Provider finished startup: XPIProvider
1439959911255	addons.manager	DEBUG	Starting provider: LightweightThemeManager
1439959911255	addons.manager	DEBUG	Registering shutdown blocker for LightweightThemeManager
1439959911255	addons.manager	DEBUG	Provider finished startup: LightweightThemeManager
1439959911256	addons.manager	DEBUG	Starting provider: GMPProvider
1439959911263	addons.manager	DEBUG	Registering shutdown blocker for GMPProvider
1439959911264	addons.manager	DEBUG	Provider finished startup: GMPProvider
1439959911264	addons.manager	DEBUG	Starting provider: PluginProvider
1439959911264	addons.manager	DEBUG	Registering shutdown blocker for PluginProvider
1439959911265	addons.manager	DEBUG	Provider finished startup: PluginProvider
1439959911266	addons.manager	DEBUG	Completed startup sequence
1439959911414	addons.xpi-utils	DEBUG	Starting async load of XPI database C:\Users\UMESH\AppData\Local\Temp\anonymous8684591371961257518webdriver-profile\extensions.json
*** Blocklist::_loadBlocklistFromFile: blocklist is disabled
1439959911626	addons.manager	DEBUG	Starting provider: &lt;unnamed-provider&gt;
1439959911626	addons.manager	DEBUG	Registering shutdown blocker for &lt;unnamed-provider&gt;
1439959911627	addons.manager	DEBUG	Provider finished startup: &lt;unnamed-provider&gt;
1439959911817	addons.xpi-utils	DEBUG	Async JSON file read took 0 MS
1439959911817	addons.xpi-utils	DEBUG	Finished async read of XPI database, parsing...
1439959911819	addons.xpi-utils	DEBUG	Successfully read XPI database
1439959912467	addons.manager	DEBUG	Starting provider: PreviousExperimentProvider
1439959912468	addons.manager	DEBUG	Registering shutdown blocker for PreviousExperimentProvider
1439959912468	addons.manager	DEBUG	Provider finished startup: PreviousExperimentProvider
JavaScript error: file:///C:/Users/UMESH/AppData/Local/Temp/anonymous8684591371961257518webdriver-profile/extensions/fxdriver@googlecode.com/components/driver-component.js, line 11464: TypeError: this.server_ is undefined
JavaScript error: chrome://fxdriver/content/server.js, line 38: NS_ERROR_XPC_CI_RETURNED_FAILURE: Component returned failure code: 0x80570015 (NS_ERROR_XPC_CI_RETURNED_FAILURE) [nsIJSCID.createInstance]
console.error: f: 
  Message: Module `sdk/deprecated/events` is not found at resource://gre/modules/commonjs/sdk/deprecated/events.js
  Stack:
    CuddlefishLoader/options&lt;.load@resource://gre/modules/commonjs/sdk/loader/cuddlefish.js:79:18
ToolbarButton@resource://985c8d42048c4cbeb0bed522bd235ee7-at-jetpack/f/lib/toolbarbutton.js:1:684
exports.main@resource://985c8d42048c4cbeb0bed522bd235ee7-at-jetpack/f/lib/main.js:1:5170
run@resource://gre/modules/commonjs/sdk/addon/runner.js:151:1
startup/&lt;/&lt;@resource://gre/modules/commonjs/sdk/addon/runner.js:86:7
Handler.prototype.process@resource://gre/modules/Promise-backend.js:867:23
this.PromiseWalker.walkerLoop@resource://gre/modules/Promise-backend.js:746:7
this.PromiseWalker.scheduleWalkerLoop/&lt;@resource://gre/modules/Promise-backend.js:688:37

console.error: f: 
  Message: Module `sdk/deprecated/events` is not found at resource://gre/modules/commonjs/sdk/deprecated/events.js
  Stack:
    CuddlefishLoader/options&lt;.load@resource://gre/modules/commonjs/sdk/loader/cuddlefish.js:79:18
ToolbarButton@resource://985c8d42048c4cbeb0bed522bd235ee7-at-jetpack/f/lib/toolbarbutton.js:1:684
exports.main@resource://985c8d42048c4cbeb0bed522bd235ee7-at-jetpack/f/lib/main.js:1:5170
run@resource://gre/modules/commonjs/sdk/addon/runner.js:151:1
startup/&lt;/&lt;@resource://gre/modules/commonjs/sdk/addon/runner.js:86:7
Handler.prototype.process@resource://gre/modules/Promise-backend.js:867:23
this.PromiseWalker.walkerLoop@resource://gre/modules/Promise-backend.js:746:7
this.PromiseWalker.scheduleWalkerLoop/&lt;@resource://gre/modules/Promise-backend.js:688:37


Build info: version: &apos;2.43.0&apos;, revision: &apos;accb3003b9fb8f7cae30f9669b4c594a065396a6&apos;, time: &apos;2014-09-09 22:22:51&apos;
System info: host: &apos;UMESH-PC&apos;, ip: &apos;172.16.104.65&apos;, os.name: &apos;Windows 7&apos;, os.arch: &apos;amd64&apos;, os.version: &apos;6.1&apos;, java.version: &apos;1.7.0_67&apos;
Driver info: driver.version: FirefoxDriver
	at org.openqa.selenium.firefox.internal.NewProfileExtensionConnection.start(NewProfileExtensionConnection.java:130)
	at org.openqa.selenium.firefox.FirefoxDriver.startClient(FirefoxDriver.java:246)
	at org.openqa.selenium.remote.RemoteWebDriver.&lt;init&gt;(RemoteWebDriver.java:114)
	at org.openqa.selenium.firefox.FirefoxDriver.&lt;init&gt;(FirefoxDriver.java:191)
	at org.openqa.selenium.firefox.FirefoxDriver.&lt;init&gt;(FirefoxDriver.java:186)
	at org.openqa.selenium.firefox.FirefoxDriver.&lt;init&gt;(FirefoxDriver.java:182)
	at org.openqa.selenium.firefox.FirefoxDriver.&lt;init&gt;(FirefoxDriver.java:99)
	at com.via.base.util.SeleniumBase.openBrowsers(SeleniumBase.java:32)
	at com.via.holiday.pages.HomePageHoliday.openB2CBrowser(HomePageHoliday.java:12)
	at com.via.holiday.pages.TestHomePageHoliday.openViaHomepage(TestHomePageHoliday.java:15)
	at sun.reflect.NativeMethodAccessorImpl.invoke0(Native Method)
	at sun.reflect.NativeMethodAccessorImpl.invoke(Unknown Source)
	at sun.reflect.DelegatingMethodAccessorImpl.invoke(Unknown Source)
	at java.lang.reflect.Method.invoke(Unknown Source)
	at org.testng.internal.MethodInvocationHelper.invokeMethod(MethodInvocationHelper.java:84)
	at org.testng.internal.Invoker.invokeConfigurationMethod(Invoker.java:564)
	at org.testng.internal.Invoker.invokeConfigurations(Invoker.java:213)
	at org.testng.internal.Invoker.invokeConfigurations(Invoker.java:138)
	at org.testng.TestRunner.beforeRun(TestRunner.java:641)
	at org.testng.TestRunner.run(TestRunner.java:609)
	at org.testng.SuiteRunner.runTest(SuiteRunner.java:334)
	at org.testng.SuiteRunner.runSequentially(SuiteRunner.java:329)
	at org.testng.SuiteRunner.privateRun(SuiteRunner.java:291)
	at org.testng.SuiteRunner.run(SuiteRunner.java:240)
	at org.testng.SuiteRunnerWorker.runSuite(SuiteRunnerWorker.java:52)
	at org.testng.SuiteRunnerWorker.run(SuiteRunnerWorker.java:86)
	at org.testng.TestNG.runSuitesSequentially(TestNG.java:1224)
	at org.testng.TestNG.runSuitesLocally(TestNG.java:1149)
	at org.testng.TestNG.run(TestNG.java:1057)
	at org.testng.remote.RemoteTestNG.run(RemoteTestNG.java:111)
	at org.testng.remote.RemoteTestNG.initAndRun(RemoteTestNG.java:204)
	at org.testng.remote.RemoteTestNG.main(RemoteTestNG.java:175)
Caused by: org.openqa.selenium.firefox.NotConnectedException: Unable to connect to host 127.0.0.1 on port 7055 after 45000 ms. Firefox console output:
-93CWPmRbVPjRQA@jetpack.xpi
1439959911171	addons.xpi	DEBUG	Calling bootstrap method startup on jid1-93CWPmRbVPjRQA@jetpack version 2.0.10
1439959911253	addons.manager	DEBUG	Registering shutdown blocker for XPIProvider
1439959911254	addons.manager	DEBUG	Provider finished startup: XPIProvider
1439959911255	addons.manager	DEBUG	Starting provider: LightweightThemeManager
1439959911255	addons.manager	DEBUG	Registering shutdown blocker for LightweightThemeManager
1439959911255	addons.manager	DEBUG	Provider finished startup: LightweightThemeManager
1439959911256	addons.manager	DEBUG	Starting provider: GMPProvider
1439959911263	addons.manager	DEBUG	Registering shutdown blocker for GMPProvider
1439959911264	addons.manager	DEBUG	Provider finished startup: GMPProvider
1439959911264	addons.manager	DEBUG	Starting provider: PluginProvider
1439959911264	addons.manager	DEBUG	Registering shutdown blocker for PluginProvider
1439959911265	addons.manager	DEBUG	Provider finished startup: PluginProvider
1439959911266	addons.manager	DEBUG	Completed startup sequence
1439959911414	addons.xpi-utils	DEBUG	Starting async load of XPI database C:\Users\UMESH\AppData\Local\Temp\anonymous8684591371961257518webdriver-profile\extensions.json
*** Blocklist::_loadBlocklistFromFile: blocklist is disabled
1439959911626	addons.manager	DEBUG	Starting provider: &lt;unnamed-provider&gt;
1439959911626	addons.manager	DEBUG	Registering shutdown blocker for &lt;unnamed-provider&gt;
1439959911627	addons.manager	DEBUG	Provider finished startup: &lt;unnamed-provider&gt;
1439959911817	addons.xpi-utils	DEBUG	Async JSON file read took 0 MS
1439959911817	addons.xpi-utils	DEBUG	Finished async read of XPI database, parsing...
1439959911819	addons.xpi-utils	DEBUG	Successfully read XPI database
1439959912467	addons.manager	DEBUG	Starting provider: PreviousExperimentProvider
1439959912468	addons.manager	DEBUG	Registering shutdown blocker for PreviousExperimentProvider
1439959912468	addons.manager	DEBUG	Provider finished startup: PreviousExperimentProvider
JavaScript error: file:///C:/Users/UMESH/AppData/Local/Temp/anonymous8684591371961257518webdriver-profile/extensions/fxdriver@googlecode.com/components/driver-component.js, line 11464: TypeError: this.server_ is undefined
JavaScript error: chrome://fxdriver/content/server.js, line 38: NS_ERROR_XPC_CI_RETURNED_FAILURE: Component returned failure code: 0x80570015 (NS_ERROR_XPC_CI_RETURNED_FAILURE) [nsIJSCID.createInstance]
console.error: f: 
  Message: Module `sdk/deprecated/events` is not found at resource://gre/modules/commonjs/sdk/deprecated/events.js
  Stack:
    CuddlefishLoader/options&lt;.load@resource://gre/modules/commonjs/sdk/loader/cuddlefish.js:79:18
ToolbarButton@resource://985c8d42048c4cbeb0bed522bd235ee7-at-jetpack/f/lib/toolbarbutton.js:1:684
exports.main@resource://985c8d42048c4cbeb0bed522bd235ee7-at-jetpack/f/lib/main.js:1:5170
run@resource://gre/modules/commonjs/sdk/addon/runner.js:151:1
startup/&lt;/&lt;@resource://gre/modules/commonjs/sdk/addon/runner.js:86:7
Handler.prototype.process@resource://gre/modules/Promise-backend.js:867:23
this.PromiseWalker.walkerLoop@resource://gre/modules/Promise-backend.js:746:7
this.PromiseWalker.scheduleWalkerLoop/&lt;@resource://gre/modules/Promise-backend.js:688:37

console.error: f: 
  Message: Module `sdk/deprecated/events` is not found at resource://gre/modules/commonjs/sdk/deprecated/events.js
  Stack:
    CuddlefishLoader/options&lt;.load@resource://gre/modules/commonjs/sdk/loader/cuddlefish.js:79:18
ToolbarButton@resource://985c8d42048c4cbeb0bed522bd235ee7-at-jetpack/f/lib/toolbarbutton.js:1:684
exports.main@resource://985c8d42048c4cbeb0bed522bd235ee7-at-jetpack/f/lib/main.js:1:5170
run@resource://gre/modules/commonjs/sdk/addon/runner.js:151:1
startup/&lt;/&lt;@resource://gre/modules/commonjs/sdk/addon/runner.js:86:7
Handler.prototype.process@resource://gre/modules/Promise-backend.js:867:23
this.PromiseWalker.walkerLoop@resource://gre/modules/Promise-backend.js:746:7
this.PromiseWalker.scheduleWalkerLoop/&lt;@resource://gre/modules/Promise-backend.js:688:37


	at org.openqa.selenium.firefox.internal.NewProfileExtensionConnection.start(NewProfileExtensionConnection.java:118)
	... 31 more
</pre></div></td>
<td>0</td>
<td>null</td></tr>
</table><p>
<table width='100%' border='1' class='invocation-skipped'>
<tr><td colspan='4' align='center'><b>SKIPPED CONFIGURATIONS</b></td></tr>
<tr><td><b>Test method</b></td>
<td width="30%"><b>Exception</b></td>
<td width="10%"><b>Time (seconds)</b></td>
<td><b>Instance</b></td>
</tr>
<tr>
<td title='com.via.holiday.pages.TestHomePageHoliday.exit()'><b>exit</b><br>Test class: com.via.holiday.pages.TestHomePageHoliday</td>
<td></td>
<td>0</td>
<td>null</td></tr>
</table><p>
<table width='100%' border='1' class='invocation-skipped'>
<tr><td colspan='4' align='center'><b>SKIPPED TESTS</b></td></tr>
<tr><td><b>Test method</b></td>
<td width="30%"><b>Exception</b></td>
<td width="10%"><b>Time (seconds)</b></td>
<td><b>Instance</b></td>
</tr>
<tr>
<td title='com.via.holiday.pages.TestHomePageHoliday.logoTest()'><b>logoTest</b><br>Test class: com.via.holiday.pages.TestHomePageHoliday</td>
<td></td>
<td>0</td>
<td>com.via.holiday.pages.TestHomePageHoliday@1e75b9d9</td></tr>
<tr>
<td title='com.via.holiday.pages.TestHomePageHoliday.menuProductIconTest()'><b>menuProductIconTest</b><br>Test class: com.via.holiday.pages.TestHomePageHoliday</td>
<td></td>
<td>0</td>
<td>com.via.holiday.pages.TestHomePageHoliday@1e75b9d9</td></tr>
<tr>
<td title='com.via.holiday.pages.TestHomePageHoliday.menuProductNameTest()'><b>menuProductNameTest</b><br>Test class: com.via.holiday.pages.TestHomePageHoliday</td>
<td></td>
<td>0</td>
<td>com.via.holiday.pages.TestHomePageHoliday@1e75b9d9</td></tr>
<tr>
<td title='com.via.holiday.pages.TestHomePageHoliday.testHotDealsImagesPresent()'><b>testHotDealsImagesPresent</b><br>Test class: com.via.holiday.pages.TestHomePageHoliday</td>
<td></td>
<td>0</td>
<td>com.via.holiday.pages.TestHomePageHoliday@1e75b9d9</td></tr>
<tr>
<td title='com.via.holiday.pages.TestHomePageHoliday.testPackagesCollectionImagesPresent()'><b>testPackagesCollectionImagesPresent</b><br>Test class: com.via.holiday.pages.TestHomePageHoliday</td>
<td></td>
<td>0</td>
<td>com.via.holiday.pages.TestHomePageHoliday@1e75b9d9</td></tr>
<tr>
<td title='com.via.holiday.pages.TestHomePageHoliday.testwhyViaFooterImages()'><b>testwhyViaFooterImages</b><br>Test class: com.via.holiday.pages.TestHomePageHoliday</td>
<td></td>
<td>0</td>
<td>com.via.holiday.pages.TestHomePageHoliday@1e75b9d9</td></tr>
<tr>
<td title='com.via.holiday.pages.TestHomePageHoliday.titleHolidayTest()'><b>titleHolidayTest</b><br>Test class: com.via.holiday.pages.TestHomePageHoliday</td>
<td></td>
<td>0</td>
<td>com.via.holiday.pages.TestHomePageHoliday@1e75b9d9</td></tr>
</table><p>
</body>
</html>