<?xml version="1.0" encoding="UTF-8" standalone="yes"?>
<ns2:test-suite xmlns:ns2="urn:model.allure.qatools.yandex.ru" start="1440295284810" stop="1440295323470" version="1.4.4">
    <name>Default suite</name>
    <title>Default suite : Default test</title>
    <test-cases>
        <test-case start="1440295318530" stop="1440295318691" status="broken">
            <name>logoTest</name>
            <failure>
                <message>NullPointerException: null</message>
                <stack-trace>java.lang.NullPointerException
	at com.via.base.util.SeleniumBase.imageverify(SeleniumBase.java:93)
	at com.via.holiday.pages.HomePageHoliday.viaB2CLogo(HomePageHoliday.java:27)
	at com.via.holiday.pages.TestHomePageHoliday.logoTest(TestHomePageHoliday.java:25)
	at sun.reflect.NativeMethodAccessorImpl.invoke0(Native Method)
	at sun.reflect.NativeMethodAccessorImpl.invoke(Unknown Source)
	at sun.reflect.DelegatingMethodAccessorImpl.invoke(Unknown Source)
	at java.lang.reflect.Method.invoke(Unknown Source)
	at org.testng.internal.MethodInvocationHelper.invokeMethod(MethodInvocationHelper.java:84)
	at org.testng.internal.Invoker.invokeMethod(Invoker.java:714)
	at org.testng.internal.Invoker.invokeTestMethod(Invoker.java:901)
	at org.testng.internal.Invoker.invokeTestMethods(Invoker.java:1231)
	at org.testng.internal.TestMethodWorker.invokeTestMethods(TestMethodWorker.java:127)
	at org.testng.internal.TestMethodWorker.run(TestMethodWorker.java:111)
	at org.testng.TestRunner.privateRun(TestRunner.java:767)
	at org.testng.TestRunner.run(TestRunner.java:617)
	at org.testng.SuiteRunner.runTest(SuiteRunner.java:334)
	at org.testng.SuiteRunner.runSequentially(SuiteRunner.java:329)
	at org.testng.SuiteRunner.privateRun(SuiteRunner.java:291)
	at org.testng.SuiteRunner.run(SuiteRunner.java:240)
	at org.testng.SuiteRunnerWorker.runSuite(SuiteRunnerWorker.java:52)
	at org.testng.SuiteRunnerWorker.run(SuiteRunnerWorker.java:86)
	at org.testng.TestNG.runSuitesSequentially(TestNG.java:1224)
	at org.testng.TestNG.runSuitesLocally(TestNG.java:1149)
	at org.testng.TestNG.run(TestNG.java:1057)
	at org.testng.remote.RemoteTestNG.run(RemoteTestNG.java:111)
	at org.testng.remote.RemoteTestNG.initAndRun(RemoteTestNG.java:204)
	at org.testng.remote.RemoteTestNG.main(RemoteTestNG.java:175)
</stack-trace>
            </failure>
            <steps/>
            <attachments/>
            <labels>
                <label name="host" value="UMESH-PC"/>
                <label name="thread" value="5616@UMESH-PC.main"/>
            </labels>
        </test-case>
        <test-case start="1440295318694" stop="1440295318836" status="broken">
            <name>menuProductIconTest</name>
            <failure>
                <message>NullPointerException: null</message>
                <stack-trace>java.lang.NullPointerException
	at com.via.base.util.SeleniumBase.imageverify(SeleniumBase.java:93)
	at com.via.holiday.pages.HomePageHoliday.menuImages(HomePageHoliday.java:37)
	at com.via.holiday.pages.TestHomePageHoliday.menuProductIconTest(TestHomePageHoliday.java:30)
	at sun.reflect.NativeMethodAccessorImpl.invoke0(Native Method)
	at sun.reflect.NativeMethodAccessorImpl.invoke(Unknown Source)
	at sun.reflect.DelegatingMethodAccessorImpl.invoke(Unknown Source)
	at java.lang.reflect.Method.invoke(Unknown Source)
	at org.testng.internal.MethodInvocationHelper.invokeMethod(MethodInvocationHelper.java:84)
	at org.testng.internal.Invoker.invokeMethod(Invoker.java:714)
	at org.testng.internal.Invoker.invokeTestMethod(Invoker.java:901)
	at org.testng.internal.Invoker.invokeTestMethods(Invoker.java:1231)
	at org.testng.internal.TestMethodWorker.invokeTestMethods(TestMethodWorker.java:127)
	at org.testng.internal.TestMethodWorker.run(TestMethodWorker.java:111)
	at org.testng.TestRunner.privateRun(TestRunner.java:767)
	at org.testng.TestRunner.run(TestRunner.java:617)
	at org.testng.SuiteRunner.runTest(SuiteRunner.java:334)
	at org.testng.SuiteRunner.runSequentially(SuiteRunner.java:329)
	at org.testng.SuiteRunner.privateRun(SuiteRunner.java:291)
	at org.testng.SuiteRunner.run(SuiteRunner.java:240)
	at org.testng.SuiteRunnerWorker.runSuite(SuiteRunnerWorker.java:52)
	at org.testng.SuiteRunnerWorker.run(SuiteRunnerWorker.java:86)
	at org.testng.TestNG.runSuitesSequentially(TestNG.java:1224)
	at org.testng.TestNG.runSuitesLocally(TestNG.java:1149)
	at org.testng.TestNG.run(TestNG.java:1057)
	at org.testng.remote.RemoteTestNG.run(RemoteTestNG.java:111)
	at org.testng.remote.RemoteTestNG.initAndRun(RemoteTestNG.java:204)
	at org.testng.remote.RemoteTestNG.main(RemoteTestNG.java:175)
</stack-trace>
            </failure>
            <steps/>
            <attachments/>
            <labels>
                <label name="host" value="UMESH-PC"/>
                <label name="thread" value="5616@UMESH-PC.main"/>
            </labels>
        </test-case>
        <test-case start="1440295318839" stop="1440295320625" status="passed">
            <name>menuProductNameTest</name>
            <steps/>
            <attachments/>
            <labels>
                <label name="host" value="UMESH-PC"/>
                <label name="thread" value="5616@UMESH-PC.main"/>
            </labels>
        </test-case>
        <test-case start="1440295320717" stop="1440295320815" status="passed">
            <name>testHotDealsImagesPresent</name>
            <steps/>
            <attachments/>
            <labels>
                <label name="host" value="UMESH-PC"/>
                <label name="thread" value="5616@UMESH-PC.main"/>
            </labels>
        </test-case>
        <test-case start="1440295320827" stop="1440295321021" status="passed">
            <name>testPackagesCollectionImagesPresent</name>
            <steps/>
            <attachments/>
            <labels>
                <label name="host" value="UMESH-PC"/>
                <label name="thread" value="5616@UMESH-PC.main"/>
            </labels>
        </test-case>
        <test-case start="1440295321046" stop="1440295323317" status="passed">
            <name>testSendUsYourFeedback</name>
            <steps/>
            <attachments/>
            <labels>
                <label name="host" value="UMESH-PC"/>
                <label name="thread" value="5616@UMESH-PC.main"/>
            </labels>
        </test-case>
        <test-case start="1440295323330" stop="1440295323331" status="passed">
            <name>testwhyViaFooterImages</name>
            <steps/>
            <attachments/>
            <labels>
                <label name="host" value="UMESH-PC"/>
                <label name="thread" value="5616@UMESH-PC.main"/>
            </labels>
        </test-case>
        <test-case start="1440295323343" stop="1440295323344" status="passed">
            <name>titleHolidayTest</name>
            <steps/>
            <attachments/>
            <labels>
                <label name="host" value="UMESH-PC"/>
                <label name="thread" value="5616@UMESH-PC.main"/>
            </labels>
        </test-case>
    </test-cases>
    <labels>
        <label name="framework" value="TestNG"/>
        <label name="language" value="JAVA"/>
    </labels>
</ns2:test-suite>
