<?xml version="1.0" encoding="UTF-8"?>
<!-- Generated by org.testng.reporters.JUnitReportReporter -->
<testsuite hostname="UMESH-PC" name="com.via.holiday.pages.TestHomePageHoliday" tests="7" failures="7" timestamp="19 Aug 2015 06:35:48 GMT" time="0.003" errors="0">
  <testcase name="testwhyViaFooterImages" time="0.001" classname="com.via.holiday.pages.TestHomePageHoliday">
    <failure type="org.openqa.selenium.WebDriverException" message="Failed to connect to binary FirefoxBinary(C:\Program Files (x86)\Mozilla Firefox\firefox.exe) on port 7055; process output follows: 
er	DEBUG	Registering shutdown blocker for PluginProvider
1439966104497	addons.manager	DEBUG	Provider finished startup: PluginProvider
1439966104497	addons.manager	DEBUG	Completed startup sequence
1439966104672	addons.xpi-utils	DEBUG	Starting async load of XPI database C:\Users\UMESH\AppData\Local\Temp\anonymous8861643020866131831webdriver-profile\extensions.json
*** Blocklist::_loadBlocklistFromFile: blocklist is disabled
1439966104932	addons.manager	DEBUG	Starting provider: &lt;unnamed-provider&gt;
1439966104932	addons.manager	DEBUG	Registering shutdown blocker for &lt;unnamed-provider&gt;
1439966104933	addons.manager	DEBUG	Provider finished startup: &lt;unnamed-provider&gt;
1439966105214	addons.xpi-utils	DEBUG	Async JSON file read took 0 MS
1439966105214	addons.xpi-utils	DEBUG	Finished async read of XPI database, parsing...
1439966105217	addons.xpi-utils	DEBUG	Successfully read XPI database
1439966105797	addons.manager	DEBUG	Starting provider: PreviousExperimentProvider
1439966105797	addons.manager	DEBUG	Registering shutdown blocker for PreviousExperimentProvider
1439966105798	addons.manager	DEBUG	Provider finished startup: PreviousExperimentProvider
JavaScript error: file:///C:/Users/UMESH/AppData/Local/Temp/anonymous8861643020866131831webdriver-profile/extensions/fxdriver@googlecode.com/components/driver-component.js, line 11464: TypeError: this.server_ is undefined
JavaScript error: chrome://fxdriver/content/server.js, line 38: NS_ERROR_XPC_CI_RETURNED_FAILURE: Component returned failure code: 0x80570015 (NS_ERROR_XPC_CI_RETURNED_FAILURE) [nsIJSCID.createInstance]
console.error: f: 
  Message: Module `sdk/deprecated/events` is not found at resource://gre/modules/commonjs/sdk/deprecated/events.js
  Stack:
    CuddlefishLoader/options&lt;.load@resource://gre/modules/commonjs/sdk/loader/cuddlefish.js:79:18
ToolbarButton@resource://985c8d42048c4cbeb0bed522bd235ee7-at-jetpack/f/lib/toolbarbutton.js:1:684
exports.main@resource://985c8d42048c4cbeb0bed522bd235ee7-at-jetpack/f/lib/main.js:1:5170
run@resource://gre/modules/commonjs/sdk/addon/runner.js:151:1
startup/&lt;/&lt;@resource://gre/modules/commonjs/sdk/addon/runner.js:86:7
Handler.prototype.process@resource://gre/modules/Promise-backend.js:867:23
this.PromiseWalker.walkerLoop@resource://gre/modules/Promise-backend.js:746:7
this.PromiseWalker.scheduleWalkerLoop/&lt;@resource://gre/modules/Promise-backend.js:688:37

console.error: f: 
  Message: Module `sdk/deprecated/events` is not found at resource://gre/modules/commonjs/sdk/deprecated/events.js
  Stack:
    CuddlefishLoader/options&lt;.load@resource://gre/modules/commonjs/sdk/loader/cuddlefish.js:79:18
ToolbarButton@resource://985c8d42048c4cbeb0bed522bd235ee7-at-jetpack/f/lib/toolbarbutton.js:1:684
exports.main@resource://985c8d42048c4cbeb0bed522bd235ee7-at-jetpack/f/lib/main.js:1:5170
run@resource://gre/modules/commonjs/sdk/addon/runner.js:151:1
startup/&lt;/&lt;@resource://gre/modules/commonjs/sdk/addon/runner.js:86:7
Handler.prototype.process@resource://gre/modules/Promise-backend.js:867:23
this.PromiseWalker.walkerLoop@resource://gre/modules/Promise-backend.js:746:7
this.PromiseWalker.scheduleWalkerLoop/&lt;@resource://gre/modules/Promise-backend.js:688:37

1439966140738	addons.xpi	DEBUG	Calling bootstrap method shutdown on jid1-93CWPmRbVPjRQA@jetpack version 2.0.10
1439966140859	addons.manager	DEBUG	shutdown
1439966140859	addons.manager	DEBUG	Calling shutdown blocker for XPIProvider
1439966140860	addons.xpi	DEBUG	shutdown
1439966140860	addons.xpi-utils	DEBUG	shutdown
1439966140860	addons.manager	DEBUG	Calling shutdown blocker for LightweightThemeManager
1439966140861	addons.manager	DEBUG	Calling shutdown blocker for GMPProvider
1439966140862	addons.manager	DEBUG	Calling shutdown blocker for PluginProvider
1439966140862	addons.manager	DEBUG	Calling shutdown blocker for &lt;unnamed-provider&gt;
1439966140863	addons.manager	DEBUG	Calling shutdown blocker for PreviousExperimentProvider
1439966140864	addons.xpi	DEBUG	Notifying XPI shutdown observers
1439966140868	addons.manager	DEBUG	Async provider shutdown done

Build info: version: &#039;2.43.0&#039;, revision: &#039;accb3003b9fb8f7cae30f9669b4c594a065396a6&#039;, time: &#039;2014-09-09 22:22:51&#039;
System info: host: &#039;UMESH-PC&#039;, ip: &#039;172.16.104.65&#039;, os.name: &#039;Windows 7&#039;, os.arch: &#039;amd64&#039;, os.version: &#039;6.1&#039;, java.version: &#039;1.7.0_67&#039;
Driver info: driver.version: FirefoxDriver">
      <![CDATA[org.openqa.selenium.WebDriverException: Failed to connect to binary FirefoxBinary(C:\Program Files (x86)\Mozilla Firefox\firefox.exe) on port 7055; process output follows: 
er	DEBUG	Registering shutdown blocker for PluginProvider
1439966104497	addons.manager	DEBUG	Provider finished startup: PluginProvider
1439966104497	addons.manager	DEBUG	Completed startup sequence
1439966104672	addons.xpi-utils	DEBUG	Starting async load of XPI database C:\Users\UMESH\AppData\Local\Temp\anonymous8861643020866131831webdriver-profile\extensions.json
*** Blocklist::_loadBlocklistFromFile: blocklist is disabled
1439966104932	addons.manager	DEBUG	Starting provider: <unnamed-provider>
1439966104932	addons.manager	DEBUG	Registering shutdown blocker for <unnamed-provider>
1439966104933	addons.manager	DEBUG	Provider finished startup: <unnamed-provider>
1439966105214	addons.xpi-utils	DEBUG	Async JSON file read took 0 MS
1439966105214	addons.xpi-utils	DEBUG	Finished async read of XPI database, parsing...
1439966105217	addons.xpi-utils	DEBUG	Successfully read XPI database
1439966105797	addons.manager	DEBUG	Starting provider: PreviousExperimentProvider
1439966105797	addons.manager	DEBUG	Registering shutdown blocker for PreviousExperimentProvider
1439966105798	addons.manager	DEBUG	Provider finished startup: PreviousExperimentProvider
JavaScript error: file:///C:/Users/UMESH/AppData/Local/Temp/anonymous8861643020866131831webdriver-profile/extensions/fxdriver@googlecode.com/components/driver-component.js, line 11464: TypeError: this.server_ is undefined
JavaScript error: chrome://fxdriver/content/server.js, line 38: NS_ERROR_XPC_CI_RETURNED_FAILURE: Component returned failure code: 0x80570015 (NS_ERROR_XPC_CI_RETURNED_FAILURE) [nsIJSCID.createInstance]
console.error: f: 
  Message: Module `sdk/deprecated/events` is not found at resource://gre/modules/commonjs/sdk/deprecated/events.js
  Stack:
    CuddlefishLoader/options<.load@resource://gre/modules/commonjs/sdk/loader/cuddlefish.js:79:18
ToolbarButton@resource://985c8d42048c4cbeb0bed522bd235ee7-at-jetpack/f/lib/toolbarbutton.js:1:684
exports.main@resource://985c8d42048c4cbeb0bed522bd235ee7-at-jetpack/f/lib/main.js:1:5170
run@resource://gre/modules/commonjs/sdk/addon/runner.js:151:1
startup/</<@resource://gre/modules/commonjs/sdk/addon/runner.js:86:7
Handler.prototype.process@resource://gre/modules/Promise-backend.js:867:23
this.PromiseWalker.walkerLoop@resource://gre/modules/Promise-backend.js:746:7
this.PromiseWalker.scheduleWalkerLoop/<@resource://gre/modules/Promise-backend.js:688:37

console.error: f: 
  Message: Module `sdk/deprecated/events` is not found at resource://gre/modules/commonjs/sdk/deprecated/events.js
  Stack:
    CuddlefishLoader/options<.load@resource://gre/modules/commonjs/sdk/loader/cuddlefish.js:79:18
ToolbarButton@resource://985c8d42048c4cbeb0bed522bd235ee7-at-jetpack/f/lib/toolbarbutton.js:1:684
exports.main@resource://985c8d42048c4cbeb0bed522bd235ee7-at-jetpack/f/lib/main.js:1:5170
run@resource://gre/modules/commonjs/sdk/addon/runner.js:151:1
startup/</<@resource://gre/modules/commonjs/sdk/addon/runner.js:86:7
Handler.prototype.process@resource://gre/modules/Promise-backend.js:867:23
this.PromiseWalker.walkerLoop@resource://gre/modules/Promise-backend.js:746:7
this.PromiseWalker.scheduleWalkerLoop/<@resource://gre/modules/Promise-backend.js:688:37

1439966140738	addons.xpi	DEBUG	Calling bootstrap method shutdown on jid1-93CWPmRbVPjRQA@jetpack version 2.0.10
1439966140859	addons.manager	DEBUG	shutdown
1439966140859	addons.manager	DEBUG	Calling shutdown blocker for XPIProvider
1439966140860	addons.xpi	DEBUG	shutdown
1439966140860	addons.xpi-utils	DEBUG	shutdown
1439966140860	addons.manager	DEBUG	Calling shutdown blocker for LightweightThemeManager
1439966140861	addons.manager	DEBUG	Calling shutdown blocker for GMPProvider
1439966140862	addons.manager	DEBUG	Calling shutdown blocker for PluginProvider
1439966140862	addons.manager	DEBUG	Calling shutdown blocker for <unnamed-provider>
1439966140863	addons.manager	DEBUG	Calling shutdown blocker for PreviousExperimentProvider
1439966140864	addons.xpi	DEBUG	Notifying XPI shutdown observers
1439966140868	addons.manager	DEBUG	Async provider shutdown done

Build info: version: '2.43.0', revision: 'accb3003b9fb8f7cae30f9669b4c594a065396a6', time: '2014-09-09 22:22:51'
System info: host: 'UMESH-PC', ip: '172.16.104.65', os.name: 'Windows 7', os.arch: 'amd64', os.version: '6.1', java.version: '1.7.0_67'
Driver info: driver.version: FirefoxDriver
	at org.openqa.selenium.firefox.internal.NewProfileExtensionConnection.start(NewProfileExtensionConnection.java:130)
	at org.openqa.selenium.firefox.FirefoxDriver.startClient(FirefoxDriver.java:246)
	at org.openqa.selenium.remote.RemoteWebDriver.<init>(RemoteWebDriver.java:114)
	at org.openqa.selenium.firefox.FirefoxDriver.<init>(FirefoxDriver.java:191)
	at org.openqa.selenium.firefox.FirefoxDriver.<init>(FirefoxDriver.java:186)
	at org.openqa.selenium.firefox.FirefoxDriver.<init>(FirefoxDriver.java:182)
	at org.openqa.selenium.firefox.FirefoxDriver.<init>(FirefoxDriver.java:99)
	at com.via.base.util.SeleniumBase.openBrowsers(SeleniumBase.java:32)
	at com.via.holiday.pages.HomePageHoliday.openB2CBrowser(HomePageHoliday.java:12)
	at com.via.holiday.pages.TestHomePageHoliday.openViaHomepage(TestHomePageHoliday.java:15)
	at sun.reflect.NativeMethodAccessorImpl.invoke0(Native Method)
	at sun.reflect.NativeMethodAccessorImpl.invoke(NativeMethodAccessorImpl.java:57)
	at sun.reflect.DelegatingMethodAccessorImpl.invoke(DelegatingMethodAccessorImpl.java:43)
	at java.lang.reflect.Method.invoke(Method.java:606)
	at org.testng.internal.MethodInvocationHelper.invokeMethod(MethodInvocationHelper.java:84)
	at org.testng.internal.Invoker.invokeConfigurationMethod(Invoker.java:564)
	at org.testng.internal.Invoker.invokeConfigurations(Invoker.java:213)
	at org.testng.internal.Invoker.invokeConfigurations(Invoker.java:138)
	at org.testng.TestRunner.beforeRun(TestRunner.java:641)
	at org.testng.TestRunner.run(TestRunner.java:609)
	at org.testng.SuiteRunner.runTest(SuiteRunner.java:334)
	at org.testng.SuiteRunner.runSequentially(SuiteRunner.java:329)
	at org.testng.SuiteRunner.privateRun(SuiteRunner.java:291)
	at org.testng.SuiteRunner.run(SuiteRunner.java:240)
	at org.testng.SuiteRunnerWorker.runSuite(SuiteRunnerWorker.java:52)
	at org.testng.SuiteRunnerWorker.run(SuiteRunnerWorker.java:86)
	at org.testng.TestNG.runSuitesSequentially(TestNG.java:1224)
	at org.testng.TestNG.runSuitesLocally(TestNG.java:1149)
	at org.testng.TestNG.run(TestNG.java:1057)
	at org.apache.maven.surefire.testng.TestNGExecutor.run(TestNGExecutor.java:115)
	at org.apache.maven.surefire.testng.TestNGDirectoryTestSuite.executeSingleClass(TestNGDirectoryTestSuite.java:129)
	at org.apache.maven.surefire.testng.TestNGDirectoryTestSuite.execute(TestNGDirectoryTestSuite.java:113)
	at org.apache.maven.surefire.testng.TestNGProvider.invoke(TestNGProvider.java:111)
	at org.apache.maven.surefire.booter.ForkedBooter.invokeProviderInSameClassLoader(ForkedBooter.java:203)
	at org.apache.maven.surefire.booter.ForkedBooter.runSuitesInProcess(ForkedBooter.java:155)
	at org.apache.maven.surefire.booter.ForkedBooter.main(ForkedBooter.java:103)
Caused by: org.openqa.selenium.firefox.NotConnectedException: Unable to connect to host 127.0.0.1 on port 7055 after 45000 ms. Firefox console output:
er	DEBUG	Registering shutdown blocker for PluginProvider
1439966104497	addons.manager	DEBUG	Provider finished startup: PluginProvider
1439966104497	addons.manager	DEBUG	Completed startup sequence
1439966104672	addons.xpi-utils	DEBUG	Starting async load of XPI database C:\Users\UMESH\AppData\Local\Temp\anonymous8861643020866131831webdriver-profile\extensions.json
*** Blocklist::_loadBlocklistFromFile: blocklist is disabled
1439966104932	addons.manager	DEBUG	Starting provider: <unnamed-provider>
1439966104932	addons.manager	DEBUG	Registering shutdown blocker for <unnamed-provider>
1439966104933	addons.manager	DEBUG	Provider finished startup: <unnamed-provider>
1439966105214	addons.xpi-utils	DEBUG	Async JSON file read took 0 MS
1439966105214	addons.xpi-utils	DEBUG	Finished async read of XPI database, parsing...
1439966105217	addons.xpi-utils	DEBUG	Successfully read XPI database
1439966105797	addons.manager	DEBUG	Starting provider: PreviousExperimentProvider
1439966105797	addons.manager	DEBUG	Registering shutdown blocker for PreviousExperimentProvider
1439966105798	addons.manager	DEBUG	Provider finished startup: PreviousExperimentProvider
JavaScript error: file:///C:/Users/UMESH/AppData/Local/Temp/anonymous8861643020866131831webdriver-profile/extensions/fxdriver@googlecode.com/components/driver-component.js, line 11464: TypeError: this.server_ is undefined
JavaScript error: chrome://fxdriver/content/server.js, line 38: NS_ERROR_XPC_CI_RETURNED_FAILURE: Component returned failure code: 0x80570015 (NS_ERROR_XPC_CI_RETURNED_FAILURE) [nsIJSCID.createInstance]
console.error: f: 
  Message: Module `sdk/deprecated/events` is not found at resource://gre/modules/commonjs/sdk/deprecated/events.js
  Stack:
    CuddlefishLoader/options<.load@resource://gre/modules/commonjs/sdk/loader/cuddlefish.js:79:18
ToolbarButton@resource://985c8d42048c4cbeb0bed522bd235ee7-at-jetpack/f/lib/toolbarbutton.js:1:684
exports.main@resource://985c8d42048c4cbeb0bed522bd235ee7-at-jetpack/f/lib/main.js:1:5170
run@resource://gre/modules/commonjs/sdk/addon/runner.js:151:1
startup/</<@resource://gre/modules/commonjs/sdk/addon/runner.js:86:7
Handler.prototype.process@resource://gre/modules/Promise-backend.js:867:23
this.PromiseWalker.walkerLoop@resource://gre/modules/Promise-backend.js:746:7
this.PromiseWalker.scheduleWalkerLoop/<@resource://gre/modules/Promise-backend.js:688:37

console.error: f: 
  Message: Module `sdk/deprecated/events` is not found at resource://gre/modules/commonjs/sdk/deprecated/events.js
  Stack:
    CuddlefishLoader/options<.load@resource://gre/modules/commonjs/sdk/loader/cuddlefish.js:79:18
ToolbarButton@resource://985c8d42048c4cbeb0bed522bd235ee7-at-jetpack/f/lib/toolbarbutton.js:1:684
exports.main@resource://985c8d42048c4cbeb0bed522bd235ee7-at-jetpack/f/lib/main.js:1:5170
run@resource://gre/modules/commonjs/sdk/addon/runner.js:151:1
startup/</<@resource://gre/modules/commonjs/sdk/addon/runner.js:86:7
Handler.prototype.process@resource://gre/modules/Promise-backend.js:867:23
this.PromiseWalker.walkerLoop@resource://gre/modules/Promise-backend.js:746:7
this.PromiseWalker.scheduleWalkerLoop/<@resource://gre/modules/Promise-backend.js:688:37

1439966140738	addons.xpi	DEBUG	Calling bootstrap method shutdown on jid1-93CWPmRbVPjRQA@jetpack version 2.0.10
1439966140859	addons.manager	DEBUG	shutdown
1439966140859	addons.manager	DEBUG	Calling shutdown blocker for XPIProvider
1439966140860	addons.xpi	DEBUG	shutdown
1439966140860	addons.xpi-utils	DEBUG	shutdown
1439966140860	addons.manager	DEBUG	Calling shutdown blocker for LightweightThemeManager
1439966140861	addons.manager	DEBUG	Calling shutdown blocker for GMPProvider
1439966140862	addons.manager	DEBUG	Calling shutdown blocker for PluginProvider
1439966140862	addons.manager	DEBUG	Calling shutdown blocker for <unnamed-provider>
1439966140863	addons.manager	DEBUG	Calling shutdown blocker for PreviousExperimentProvider
1439966140864	addons.xpi	DEBUG	Notifying XPI shutdown observers
1439966140868	addons.manager	DEBUG	Async provider shutdown done

	at org.openqa.selenium.firefox.internal.NewProfileExtensionConnection.start(NewProfileExtensionConnection.java:118)
	... 35 more
]]>
    </failure>
  </testcase> <!-- testwhyViaFooterImages -->
  <testcase name="menuProductNameTest" time="0.001" classname="com.via.holiday.pages.TestHomePageHoliday">
    <failure type="org.openqa.selenium.WebDriverException" message="Failed to connect to binary FirefoxBinary(C:\Program Files (x86)\Mozilla Firefox\firefox.exe) on port 7055; process output follows: 
er	DEBUG	Registering shutdown blocker for PluginProvider
1439966104497	addons.manager	DEBUG	Provider finished startup: PluginProvider
1439966104497	addons.manager	DEBUG	Completed startup sequence
1439966104672	addons.xpi-utils	DEBUG	Starting async load of XPI database C:\Users\UMESH\AppData\Local\Temp\anonymous8861643020866131831webdriver-profile\extensions.json
*** Blocklist::_loadBlocklistFromFile: blocklist is disabled
1439966104932	addons.manager	DEBUG	Starting provider: &lt;unnamed-provider&gt;
1439966104932	addons.manager	DEBUG	Registering shutdown blocker for &lt;unnamed-provider&gt;
1439966104933	addons.manager	DEBUG	Provider finished startup: &lt;unnamed-provider&gt;
1439966105214	addons.xpi-utils	DEBUG	Async JSON file read took 0 MS
1439966105214	addons.xpi-utils	DEBUG	Finished async read of XPI database, parsing...
1439966105217	addons.xpi-utils	DEBUG	Successfully read XPI database
1439966105797	addons.manager	DEBUG	Starting provider: PreviousExperimentProvider
1439966105797	addons.manager	DEBUG	Registering shutdown blocker for PreviousExperimentProvider
1439966105798	addons.manager	DEBUG	Provider finished startup: PreviousExperimentProvider
JavaScript error: file:///C:/Users/UMESH/AppData/Local/Temp/anonymous8861643020866131831webdriver-profile/extensions/fxdriver@googlecode.com/components/driver-component.js, line 11464: TypeError: this.server_ is undefined
JavaScript error: chrome://fxdriver/content/server.js, line 38: NS_ERROR_XPC_CI_RETURNED_FAILURE: Component returned failure code: 0x80570015 (NS_ERROR_XPC_CI_RETURNED_FAILURE) [nsIJSCID.createInstance]
console.error: f: 
  Message: Module `sdk/deprecated/events` is not found at resource://gre/modules/commonjs/sdk/deprecated/events.js
  Stack:
    CuddlefishLoader/options&lt;.load@resource://gre/modules/commonjs/sdk/loader/cuddlefish.js:79:18
ToolbarButton@resource://985c8d42048c4cbeb0bed522bd235ee7-at-jetpack/f/lib/toolbarbutton.js:1:684
exports.main@resource://985c8d42048c4cbeb0bed522bd235ee7-at-jetpack/f/lib/main.js:1:5170
run@resource://gre/modules/commonjs/sdk/addon/runner.js:151:1
startup/&lt;/&lt;@resource://gre/modules/commonjs/sdk/addon/runner.js:86:7
Handler.prototype.process@resource://gre/modules/Promise-backend.js:867:23
this.PromiseWalker.walkerLoop@resource://gre/modules/Promise-backend.js:746:7
this.PromiseWalker.scheduleWalkerLoop/&lt;@resource://gre/modules/Promise-backend.js:688:37

console.error: f: 
  Message: Module `sdk/deprecated/events` is not found at resource://gre/modules/commonjs/sdk/deprecated/events.js
  Stack:
    CuddlefishLoader/options&lt;.load@resource://gre/modules/commonjs/sdk/loader/cuddlefish.js:79:18
ToolbarButton@resource://985c8d42048c4cbeb0bed522bd235ee7-at-jetpack/f/lib/toolbarbutton.js:1:684
exports.main@resource://985c8d42048c4cbeb0bed522bd235ee7-at-jetpack/f/lib/main.js:1:5170
run@resource://gre/modules/commonjs/sdk/addon/runner.js:151:1
startup/&lt;/&lt;@resource://gre/modules/commonjs/sdk/addon/runner.js:86:7
Handler.prototype.process@resource://gre/modules/Promise-backend.js:867:23
this.PromiseWalker.walkerLoop@resource://gre/modules/Promise-backend.js:746:7
this.PromiseWalker.scheduleWalkerLoop/&lt;@resource://gre/modules/Promise-backend.js:688:37

1439966140738	addons.xpi	DEBUG	Calling bootstrap method shutdown on jid1-93CWPmRbVPjRQA@jetpack version 2.0.10
1439966140859	addons.manager	DEBUG	shutdown
1439966140859	addons.manager	DEBUG	Calling shutdown blocker for XPIProvider
1439966140860	addons.xpi	DEBUG	shutdown
1439966140860	addons.xpi-utils	DEBUG	shutdown
1439966140860	addons.manager	DEBUG	Calling shutdown blocker for LightweightThemeManager
1439966140861	addons.manager	DEBUG	Calling shutdown blocker for GMPProvider
1439966140862	addons.manager	DEBUG	Calling shutdown blocker for PluginProvider
1439966140862	addons.manager	DEBUG	Calling shutdown blocker for &lt;unnamed-provider&gt;
1439966140863	addons.manager	DEBUG	Calling shutdown blocker for PreviousExperimentProvider
1439966140864	addons.xpi	DEBUG	Notifying XPI shutdown observers
1439966140868	addons.manager	DEBUG	Async provider shutdown done

Build info: version: &#039;2.43.0&#039;, revision: &#039;accb3003b9fb8f7cae30f9669b4c594a065396a6&#039;, time: &#039;2014-09-09 22:22:51&#039;
System info: host: &#039;UMESH-PC&#039;, ip: &#039;172.16.104.65&#039;, os.name: &#039;Windows 7&#039;, os.arch: &#039;amd64&#039;, os.version: &#039;6.1&#039;, java.version: &#039;1.7.0_67&#039;
Driver info: driver.version: FirefoxDriver">
      <![CDATA[org.openqa.selenium.WebDriverException: Failed to connect to binary FirefoxBinary(C:\Program Files (x86)\Mozilla Firefox\firefox.exe) on port 7055; process output follows: 
er	DEBUG	Registering shutdown blocker for PluginProvider
1439966104497	addons.manager	DEBUG	Provider finished startup: PluginProvider
1439966104497	addons.manager	DEBUG	Completed startup sequence
1439966104672	addons.xpi-utils	DEBUG	Starting async load of XPI database C:\Users\UMESH\AppData\Local\Temp\anonymous8861643020866131831webdriver-profile\extensions.json
*** Blocklist::_loadBlocklistFromFile: blocklist is disabled
1439966104932	addons.manager	DEBUG	Starting provider: <unnamed-provider>
1439966104932	addons.manager	DEBUG	Registering shutdown blocker for <unnamed-provider>
1439966104933	addons.manager	DEBUG	Provider finished startup: <unnamed-provider>
1439966105214	addons.xpi-utils	DEBUG	Async JSON file read took 0 MS
1439966105214	addons.xpi-utils	DEBUG	Finished async read of XPI database, parsing...
1439966105217	addons.xpi-utils	DEBUG	Successfully read XPI database
1439966105797	addons.manager	DEBUG	Starting provider: PreviousExperimentProvider
1439966105797	addons.manager	DEBUG	Registering shutdown blocker for PreviousExperimentProvider
1439966105798	addons.manager	DEBUG	Provider finished startup: PreviousExperimentProvider
JavaScript error: file:///C:/Users/UMESH/AppData/Local/Temp/anonymous8861643020866131831webdriver-profile/extensions/fxdriver@googlecode.com/components/driver-component.js, line 11464: TypeError: this.server_ is undefined
JavaScript error: chrome://fxdriver/content/server.js, line 38: NS_ERROR_XPC_CI_RETURNED_FAILURE: Component returned failure code: 0x80570015 (NS_ERROR_XPC_CI_RETURNED_FAILURE) [nsIJSCID.createInstance]
console.error: f: 
  Message: Module `sdk/deprecated/events` is not found at resource://gre/modules/commonjs/sdk/deprecated/events.js
  Stack:
    CuddlefishLoader/options<.load@resource://gre/modules/commonjs/sdk/loader/cuddlefish.js:79:18
ToolbarButton@resource://985c8d42048c4cbeb0bed522bd235ee7-at-jetpack/f/lib/toolbarbutton.js:1:684
exports.main@resource://985c8d42048c4cbeb0bed522bd235ee7-at-jetpack/f/lib/main.js:1:5170
run@resource://gre/modules/commonjs/sdk/addon/runner.js:151:1
startup/</<@resource://gre/modules/commonjs/sdk/addon/runner.js:86:7
Handler.prototype.process@resource://gre/modules/Promise-backend.js:867:23
this.PromiseWalker.walkerLoop@resource://gre/modules/Promise-backend.js:746:7
this.PromiseWalker.scheduleWalkerLoop/<@resource://gre/modules/Promise-backend.js:688:37

console.error: f: 
  Message: Module `sdk/deprecated/events` is not found at resource://gre/modules/commonjs/sdk/deprecated/events.js
  Stack:
    CuddlefishLoader/options<.load@resource://gre/modules/commonjs/sdk/loader/cuddlefish.js:79:18
ToolbarButton@resource://985c8d42048c4cbeb0bed522bd235ee7-at-jetpack/f/lib/toolbarbutton.js:1:684
exports.main@resource://985c8d42048c4cbeb0bed522bd235ee7-at-jetpack/f/lib/main.js:1:5170
run@resource://gre/modules/commonjs/sdk/addon/runner.js:151:1
startup/</<@resource://gre/modules/commonjs/sdk/addon/runner.js:86:7
Handler.prototype.process@resource://gre/modules/Promise-backend.js:867:23
this.PromiseWalker.walkerLoop@resource://gre/modules/Promise-backend.js:746:7
this.PromiseWalker.scheduleWalkerLoop/<@resource://gre/modules/Promise-backend.js:688:37

1439966140738	addons.xpi	DEBUG	Calling bootstrap method shutdown on jid1-93CWPmRbVPjRQA@jetpack version 2.0.10
1439966140859	addons.manager	DEBUG	shutdown
1439966140859	addons.manager	DEBUG	Calling shutdown blocker for XPIProvider
1439966140860	addons.xpi	DEBUG	shutdown
1439966140860	addons.xpi-utils	DEBUG	shutdown
1439966140860	addons.manager	DEBUG	Calling shutdown blocker for LightweightThemeManager
1439966140861	addons.manager	DEBUG	Calling shutdown blocker for GMPProvider
1439966140862	addons.manager	DEBUG	Calling shutdown blocker for PluginProvider
1439966140862	addons.manager	DEBUG	Calling shutdown blocker for <unnamed-provider>
1439966140863	addons.manager	DEBUG	Calling shutdown blocker for PreviousExperimentProvider
1439966140864	addons.xpi	DEBUG	Notifying XPI shutdown observers
1439966140868	addons.manager	DEBUG	Async provider shutdown done

Build info: version: '2.43.0', revision: 'accb3003b9fb8f7cae30f9669b4c594a065396a6', time: '2014-09-09 22:22:51'
System info: host: 'UMESH-PC', ip: '172.16.104.65', os.name: 'Windows 7', os.arch: 'amd64', os.version: '6.1', java.version: '1.7.0_67'
Driver info: driver.version: FirefoxDriver
	at org.openqa.selenium.firefox.internal.NewProfileExtensionConnection.start(NewProfileExtensionConnection.java:130)
	at org.openqa.selenium.firefox.FirefoxDriver.startClient(FirefoxDriver.java:246)
	at org.openqa.selenium.remote.RemoteWebDriver.<init>(RemoteWebDriver.java:114)
	at org.openqa.selenium.firefox.FirefoxDriver.<init>(FirefoxDriver.java:191)
	at org.openqa.selenium.firefox.FirefoxDriver.<init>(FirefoxDriver.java:186)
	at org.openqa.selenium.firefox.FirefoxDriver.<init>(FirefoxDriver.java:182)
	at org.openqa.selenium.firefox.FirefoxDriver.<init>(FirefoxDriver.java:99)
	at com.via.base.util.SeleniumBase.openBrowsers(SeleniumBase.java:32)
	at com.via.holiday.pages.HomePageHoliday.openB2CBrowser(HomePageHoliday.java:12)
	at com.via.holiday.pages.TestHomePageHoliday.openViaHomepage(TestHomePageHoliday.java:15)
	at sun.reflect.NativeMethodAccessorImpl.invoke0(Native Method)
	at sun.reflect.NativeMethodAccessorImpl.invoke(NativeMethodAccessorImpl.java:57)
	at sun.reflect.DelegatingMethodAccessorImpl.invoke(DelegatingMethodAccessorImpl.java:43)
	at java.lang.reflect.Method.invoke(Method.java:606)
	at org.testng.internal.MethodInvocationHelper.invokeMethod(MethodInvocationHelper.java:84)
	at org.testng.internal.Invoker.invokeConfigurationMethod(Invoker.java:564)
	at org.testng.internal.Invoker.invokeConfigurations(Invoker.java:213)
	at org.testng.internal.Invoker.invokeConfigurations(Invoker.java:138)
	at org.testng.TestRunner.beforeRun(TestRunner.java:641)
	at org.testng.TestRunner.run(TestRunner.java:609)
	at org.testng.SuiteRunner.runTest(SuiteRunner.java:334)
	at org.testng.SuiteRunner.runSequentially(SuiteRunner.java:329)
	at org.testng.SuiteRunner.privateRun(SuiteRunner.java:291)
	at org.testng.SuiteRunner.run(SuiteRunner.java:240)
	at org.testng.SuiteRunnerWorker.runSuite(SuiteRunnerWorker.java:52)
	at org.testng.SuiteRunnerWorker.run(SuiteRunnerWorker.java:86)
	at org.testng.TestNG.runSuitesSequentially(TestNG.java:1224)
	at org.testng.TestNG.runSuitesLocally(TestNG.java:1149)
	at org.testng.TestNG.run(TestNG.java:1057)
	at org.apache.maven.surefire.testng.TestNGExecutor.run(TestNGExecutor.java:115)
	at org.apache.maven.surefire.testng.TestNGDirectoryTestSuite.executeSingleClass(TestNGDirectoryTestSuite.java:129)
	at org.apache.maven.surefire.testng.TestNGDirectoryTestSuite.execute(TestNGDirectoryTestSuite.java:113)
	at org.apache.maven.surefire.testng.TestNGProvider.invoke(TestNGProvider.java:111)
	at org.apache.maven.surefire.booter.ForkedBooter.invokeProviderInSameClassLoader(ForkedBooter.java:203)
	at org.apache.maven.surefire.booter.ForkedBooter.runSuitesInProcess(ForkedBooter.java:155)
	at org.apache.maven.surefire.booter.ForkedBooter.main(ForkedBooter.java:103)
Caused by: org.openqa.selenium.firefox.NotConnectedException: Unable to connect to host 127.0.0.1 on port 7055 after 45000 ms. Firefox console output:
er	DEBUG	Registering shutdown blocker for PluginProvider
1439966104497	addons.manager	DEBUG	Provider finished startup: PluginProvider
1439966104497	addons.manager	DEBUG	Completed startup sequence
1439966104672	addons.xpi-utils	DEBUG	Starting async load of XPI database C:\Users\UMESH\AppData\Local\Temp\anonymous8861643020866131831webdriver-profile\extensions.json
*** Blocklist::_loadBlocklistFromFile: blocklist is disabled
1439966104932	addons.manager	DEBUG	Starting provider: <unnamed-provider>
1439966104932	addons.manager	DEBUG	Registering shutdown blocker for <unnamed-provider>
1439966104933	addons.manager	DEBUG	Provider finished startup: <unnamed-provider>
1439966105214	addons.xpi-utils	DEBUG	Async JSON file read took 0 MS
1439966105214	addons.xpi-utils	DEBUG	Finished async read of XPI database, parsing...
1439966105217	addons.xpi-utils	DEBUG	Successfully read XPI database
1439966105797	addons.manager	DEBUG	Starting provider: PreviousExperimentProvider
1439966105797	addons.manager	DEBUG	Registering shutdown blocker for PreviousExperimentProvider
1439966105798	addons.manager	DEBUG	Provider finished startup: PreviousExperimentProvider
JavaScript error: file:///C:/Users/UMESH/AppData/Local/Temp/anonymous8861643020866131831webdriver-profile/extensions/fxdriver@googlecode.com/components/driver-component.js, line 11464: TypeError: this.server_ is undefined
JavaScript error: chrome://fxdriver/content/server.js, line 38: NS_ERROR_XPC_CI_RETURNED_FAILURE: Component returned failure code: 0x80570015 (NS_ERROR_XPC_CI_RETURNED_FAILURE) [nsIJSCID.createInstance]
console.error: f: 
  Message: Module `sdk/deprecated/events` is not found at resource://gre/modules/commonjs/sdk/deprecated/events.js
  Stack:
    CuddlefishLoader/options<.load@resource://gre/modules/commonjs/sdk/loader/cuddlefish.js:79:18
ToolbarButton@resource://985c8d42048c4cbeb0bed522bd235ee7-at-jetpack/f/lib/toolbarbutton.js:1:684
exports.main@resource://985c8d42048c4cbeb0bed522bd235ee7-at-jetpack/f/lib/main.js:1:5170
run@resource://gre/modules/commonjs/sdk/addon/runner.js:151:1
startup/</<@resource://gre/modules/commonjs/sdk/addon/runner.js:86:7
Handler.prototype.process@resource://gre/modules/Promise-backend.js:867:23
this.PromiseWalker.walkerLoop@resource://gre/modules/Promise-backend.js:746:7
this.PromiseWalker.scheduleWalkerLoop/<@resource://gre/modules/Promise-backend.js:688:37

console.error: f: 
  Message: Module `sdk/deprecated/events` is not found at resource://gre/modules/commonjs/sdk/deprecated/events.js
  Stack:
    CuddlefishLoader/options<.load@resource://gre/modules/commonjs/sdk/loader/cuddlefish.js:79:18
ToolbarButton@resource://985c8d42048c4cbeb0bed522bd235ee7-at-jetpack/f/lib/toolbarbutton.js:1:684
exports.main@resource://985c8d42048c4cbeb0bed522bd235ee7-at-jetpack/f/lib/main.js:1:5170
run@resource://gre/modules/commonjs/sdk/addon/runner.js:151:1
startup/</<@resource://gre/modules/commonjs/sdk/addon/runner.js:86:7
Handler.prototype.process@resource://gre/modules/Promise-backend.js:867:23
this.PromiseWalker.walkerLoop@resource://gre/modules/Promise-backend.js:746:7
this.PromiseWalker.scheduleWalkerLoop/<@resource://gre/modules/Promise-backend.js:688:37

1439966140738	addons.xpi	DEBUG	Calling bootstrap method shutdown on jid1-93CWPmRbVPjRQA@jetpack version 2.0.10
1439966140859	addons.manager	DEBUG	shutdown
1439966140859	addons.manager	DEBUG	Calling shutdown blocker for XPIProvider
1439966140860	addons.xpi	DEBUG	shutdown
1439966140860	addons.xpi-utils	DEBUG	shutdown
1439966140860	addons.manager	DEBUG	Calling shutdown blocker for LightweightThemeManager
1439966140861	addons.manager	DEBUG	Calling shutdown blocker for GMPProvider
1439966140862	addons.manager	DEBUG	Calling shutdown blocker for PluginProvider
1439966140862	addons.manager	DEBUG	Calling shutdown blocker for <unnamed-provider>
1439966140863	addons.manager	DEBUG	Calling shutdown blocker for PreviousExperimentProvider
1439966140864	addons.xpi	DEBUG	Notifying XPI shutdown observers
1439966140868	addons.manager	DEBUG	Async provider shutdown done

	at org.openqa.selenium.firefox.internal.NewProfileExtensionConnection.start(NewProfileExtensionConnection.java:118)
	... 35 more
]]>
    </failure>
  </testcase> <!-- menuProductNameTest -->
  <testcase name="testPackagesCollectionImagesPresent" time="0.000" classname="com.via.holiday.pages.TestHomePageHoliday">
    <failure type="org.openqa.selenium.WebDriverException" message="Failed to connect to binary FirefoxBinary(C:\Program Files (x86)\Mozilla Firefox\firefox.exe) on port 7055; process output follows: 
er	DEBUG	Registering shutdown blocker for PluginProvider
1439966104497	addons.manager	DEBUG	Provider finished startup: PluginProvider
1439966104497	addons.manager	DEBUG	Completed startup sequence
1439966104672	addons.xpi-utils	DEBUG	Starting async load of XPI database C:\Users\UMESH\AppData\Local\Temp\anonymous8861643020866131831webdriver-profile\extensions.json
*** Blocklist::_loadBlocklistFromFile: blocklist is disabled
1439966104932	addons.manager	DEBUG	Starting provider: &lt;unnamed-provider&gt;
1439966104932	addons.manager	DEBUG	Registering shutdown blocker for &lt;unnamed-provider&gt;
1439966104933	addons.manager	DEBUG	Provider finished startup: &lt;unnamed-provider&gt;
1439966105214	addons.xpi-utils	DEBUG	Async JSON file read took 0 MS
1439966105214	addons.xpi-utils	DEBUG	Finished async read of XPI database, parsing...
1439966105217	addons.xpi-utils	DEBUG	Successfully read XPI database
1439966105797	addons.manager	DEBUG	Starting provider: PreviousExperimentProvider
1439966105797	addons.manager	DEBUG	Registering shutdown blocker for PreviousExperimentProvider
1439966105798	addons.manager	DEBUG	Provider finished startup: PreviousExperimentProvider
JavaScript error: file:///C:/Users/UMESH/AppData/Local/Temp/anonymous8861643020866131831webdriver-profile/extensions/fxdriver@googlecode.com/components/driver-component.js, line 11464: TypeError: this.server_ is undefined
JavaScript error: chrome://fxdriver/content/server.js, line 38: NS_ERROR_XPC_CI_RETURNED_FAILURE: Component returned failure code: 0x80570015 (NS_ERROR_XPC_CI_RETURNED_FAILURE) [nsIJSCID.createInstance]
console.error: f: 
  Message: Module `sdk/deprecated/events` is not found at resource://gre/modules/commonjs/sdk/deprecated/events.js
  Stack:
    CuddlefishLoader/options&lt;.load@resource://gre/modules/commonjs/sdk/loader/cuddlefish.js:79:18
ToolbarButton@resource://985c8d42048c4cbeb0bed522bd235ee7-at-jetpack/f/lib/toolbarbutton.js:1:684
exports.main@resource://985c8d42048c4cbeb0bed522bd235ee7-at-jetpack/f/lib/main.js:1:5170
run@resource://gre/modules/commonjs/sdk/addon/runner.js:151:1
startup/&lt;/&lt;@resource://gre/modules/commonjs/sdk/addon/runner.js:86:7
Handler.prototype.process@resource://gre/modules/Promise-backend.js:867:23
this.PromiseWalker.walkerLoop@resource://gre/modules/Promise-backend.js:746:7
this.PromiseWalker.scheduleWalkerLoop/&lt;@resource://gre/modules/Promise-backend.js:688:37

console.error: f: 
  Message: Module `sdk/deprecated/events` is not found at resource://gre/modules/commonjs/sdk/deprecated/events.js
  Stack:
    CuddlefishLoader/options&lt;.load@resource://gre/modules/commonjs/sdk/loader/cuddlefish.js:79:18
ToolbarButton@resource://985c8d42048c4cbeb0bed522bd235ee7-at-jetpack/f/lib/toolbarbutton.js:1:684
exports.main@resource://985c8d42048c4cbeb0bed522bd235ee7-at-jetpack/f/lib/main.js:1:5170
run@resource://gre/modules/commonjs/sdk/addon/runner.js:151:1
startup/&lt;/&lt;@resource://gre/modules/commonjs/sdk/addon/runner.js:86:7
Handler.prototype.process@resource://gre/modules/Promise-backend.js:867:23
this.PromiseWalker.walkerLoop@resource://gre/modules/Promise-backend.js:746:7
this.PromiseWalker.scheduleWalkerLoop/&lt;@resource://gre/modules/Promise-backend.js:688:37

1439966140738	addons.xpi	DEBUG	Calling bootstrap method shutdown on jid1-93CWPmRbVPjRQA@jetpack version 2.0.10
1439966140859	addons.manager	DEBUG	shutdown
1439966140859	addons.manager	DEBUG	Calling shutdown blocker for XPIProvider
1439966140860	addons.xpi	DEBUG	shutdown
1439966140860	addons.xpi-utils	DEBUG	shutdown
1439966140860	addons.manager	DEBUG	Calling shutdown blocker for LightweightThemeManager
1439966140861	addons.manager	DEBUG	Calling shutdown blocker for GMPProvider
1439966140862	addons.manager	DEBUG	Calling shutdown blocker for PluginProvider
1439966140862	addons.manager	DEBUG	Calling shutdown blocker for &lt;unnamed-provider&gt;
1439966140863	addons.manager	DEBUG	Calling shutdown blocker for PreviousExperimentProvider
1439966140864	addons.xpi	DEBUG	Notifying XPI shutdown observers
1439966140868	addons.manager	DEBUG	Async provider shutdown done

Build info: version: &#039;2.43.0&#039;, revision: &#039;accb3003b9fb8f7cae30f9669b4c594a065396a6&#039;, time: &#039;2014-09-09 22:22:51&#039;
System info: host: &#039;UMESH-PC&#039;, ip: &#039;172.16.104.65&#039;, os.name: &#039;Windows 7&#039;, os.arch: &#039;amd64&#039;, os.version: &#039;6.1&#039;, java.version: &#039;1.7.0_67&#039;
Driver info: driver.version: FirefoxDriver">
      <![CDATA[org.openqa.selenium.WebDriverException: Failed to connect to binary FirefoxBinary(C:\Program Files (x86)\Mozilla Firefox\firefox.exe) on port 7055; process output follows: 
er	DEBUG	Registering shutdown blocker for PluginProvider
1439966104497	addons.manager	DEBUG	Provider finished startup: PluginProvider
1439966104497	addons.manager	DEBUG	Completed startup sequence
1439966104672	addons.xpi-utils	DEBUG	Starting async load of XPI database C:\Users\UMESH\AppData\Local\Temp\anonymous8861643020866131831webdriver-profile\extensions.json
*** Blocklist::_loadBlocklistFromFile: blocklist is disabled
1439966104932	addons.manager	DEBUG	Starting provider: <unnamed-provider>
1439966104932	addons.manager	DEBUG	Registering shutdown blocker for <unnamed-provider>
1439966104933	addons.manager	DEBUG	Provider finished startup: <unnamed-provider>
1439966105214	addons.xpi-utils	DEBUG	Async JSON file read took 0 MS
1439966105214	addons.xpi-utils	DEBUG	Finished async read of XPI database, parsing...
1439966105217	addons.xpi-utils	DEBUG	Successfully read XPI database
1439966105797	addons.manager	DEBUG	Starting provider: PreviousExperimentProvider
1439966105797	addons.manager	DEBUG	Registering shutdown blocker for PreviousExperimentProvider
1439966105798	addons.manager	DEBUG	Provider finished startup: PreviousExperimentProvider
JavaScript error: file:///C:/Users/UMESH/AppData/Local/Temp/anonymous8861643020866131831webdriver-profile/extensions/fxdriver@googlecode.com/components/driver-component.js, line 11464: TypeError: this.server_ is undefined
JavaScript error: chrome://fxdriver/content/server.js, line 38: NS_ERROR_XPC_CI_RETURNED_FAILURE: Component returned failure code: 0x80570015 (NS_ERROR_XPC_CI_RETURNED_FAILURE) [nsIJSCID.createInstance]
console.error: f: 
  Message: Module `sdk/deprecated/events` is not found at resource://gre/modules/commonjs/sdk/deprecated/events.js
  Stack:
    CuddlefishLoader/options<.load@resource://gre/modules/commonjs/sdk/loader/cuddlefish.js:79:18
ToolbarButton@resource://985c8d42048c4cbeb0bed522bd235ee7-at-jetpack/f/lib/toolbarbutton.js:1:684
exports.main@resource://985c8d42048c4cbeb0bed522bd235ee7-at-jetpack/f/lib/main.js:1:5170
run@resource://gre/modules/commonjs/sdk/addon/runner.js:151:1
startup/</<@resource://gre/modules/commonjs/sdk/addon/runner.js:86:7
Handler.prototype.process@resource://gre/modules/Promise-backend.js:867:23
this.PromiseWalker.walkerLoop@resource://gre/modules/Promise-backend.js:746:7
this.PromiseWalker.scheduleWalkerLoop/<@resource://gre/modules/Promise-backend.js:688:37

console.error: f: 
  Message: Module `sdk/deprecated/events` is not found at resource://gre/modules/commonjs/sdk/deprecated/events.js
  Stack:
    CuddlefishLoader/options<.load@resource://gre/modules/commonjs/sdk/loader/cuddlefish.js:79:18
ToolbarButton@resource://985c8d42048c4cbeb0bed522bd235ee7-at-jetpack/f/lib/toolbarbutton.js:1:684
exports.main@resource://985c8d42048c4cbeb0bed522bd235ee7-at-jetpack/f/lib/main.js:1:5170
run@resource://gre/modules/commonjs/sdk/addon/runner.js:151:1
startup/</<@resource://gre/modules/commonjs/sdk/addon/runner.js:86:7
Handler.prototype.process@resource://gre/modules/Promise-backend.js:867:23
this.PromiseWalker.walkerLoop@resource://gre/modules/Promise-backend.js:746:7
this.PromiseWalker.scheduleWalkerLoop/<@resource://gre/modules/Promise-backend.js:688:37

1439966140738	addons.xpi	DEBUG	Calling bootstrap method shutdown on jid1-93CWPmRbVPjRQA@jetpack version 2.0.10
1439966140859	addons.manager	DEBUG	shutdown
1439966140859	addons.manager	DEBUG	Calling shutdown blocker for XPIProvider
1439966140860	addons.xpi	DEBUG	shutdown
1439966140860	addons.xpi-utils	DEBUG	shutdown
1439966140860	addons.manager	DEBUG	Calling shutdown blocker for LightweightThemeManager
1439966140861	addons.manager	DEBUG	Calling shutdown blocker for GMPProvider
1439966140862	addons.manager	DEBUG	Calling shutdown blocker for PluginProvider
1439966140862	addons.manager	DEBUG	Calling shutdown blocker for <unnamed-provider>
1439966140863	addons.manager	DEBUG	Calling shutdown blocker for PreviousExperimentProvider
1439966140864	addons.xpi	DEBUG	Notifying XPI shutdown observers
1439966140868	addons.manager	DEBUG	Async provider shutdown done

Build info: version: '2.43.0', revision: 'accb3003b9fb8f7cae30f9669b4c594a065396a6', time: '2014-09-09 22:22:51'
System info: host: 'UMESH-PC', ip: '172.16.104.65', os.name: 'Windows 7', os.arch: 'amd64', os.version: '6.1', java.version: '1.7.0_67'
Driver info: driver.version: FirefoxDriver
	at org.openqa.selenium.firefox.internal.NewProfileExtensionConnection.start(NewProfileExtensionConnection.java:130)
	at org.openqa.selenium.firefox.FirefoxDriver.startClient(FirefoxDriver.java:246)
	at org.openqa.selenium.remote.RemoteWebDriver.<init>(RemoteWebDriver.java:114)
	at org.openqa.selenium.firefox.FirefoxDriver.<init>(FirefoxDriver.java:191)
	at org.openqa.selenium.firefox.FirefoxDriver.<init>(FirefoxDriver.java:186)
	at org.openqa.selenium.firefox.FirefoxDriver.<init>(FirefoxDriver.java:182)
	at org.openqa.selenium.firefox.FirefoxDriver.<init>(FirefoxDriver.java:99)
	at com.via.base.util.SeleniumBase.openBrowsers(SeleniumBase.java:32)
	at com.via.holiday.pages.HomePageHoliday.openB2CBrowser(HomePageHoliday.java:12)
	at com.via.holiday.pages.TestHomePageHoliday.openViaHomepage(TestHomePageHoliday.java:15)
	at sun.reflect.NativeMethodAccessorImpl.invoke0(Native Method)
	at sun.reflect.NativeMethodAccessorImpl.invoke(NativeMethodAccessorImpl.java:57)
	at sun.reflect.DelegatingMethodAccessorImpl.invoke(DelegatingMethodAccessorImpl.java:43)
	at java.lang.reflect.Method.invoke(Method.java:606)
	at org.testng.internal.MethodInvocationHelper.invokeMethod(MethodInvocationHelper.java:84)
	at org.testng.internal.Invoker.invokeConfigurationMethod(Invoker.java:564)
	at org.testng.internal.Invoker.invokeConfigurations(Invoker.java:213)
	at org.testng.internal.Invoker.invokeConfigurations(Invoker.java:138)
	at org.testng.TestRunner.beforeRun(TestRunner.java:641)
	at org.testng.TestRunner.run(TestRunner.java:609)
	at org.testng.SuiteRunner.runTest(SuiteRunner.java:334)
	at org.testng.SuiteRunner.runSequentially(SuiteRunner.java:329)
	at org.testng.SuiteRunner.privateRun(SuiteRunner.java:291)
	at org.testng.SuiteRunner.run(SuiteRunner.java:240)
	at org.testng.SuiteRunnerWorker.runSuite(SuiteRunnerWorker.java:52)
	at org.testng.SuiteRunnerWorker.run(SuiteRunnerWorker.java:86)
	at org.testng.TestNG.runSuitesSequentially(TestNG.java:1224)
	at org.testng.TestNG.runSuitesLocally(TestNG.java:1149)
	at org.testng.TestNG.run(TestNG.java:1057)
	at org.apache.maven.surefire.testng.TestNGExecutor.run(TestNGExecutor.java:115)
	at org.apache.maven.surefire.testng.TestNGDirectoryTestSuite.executeSingleClass(TestNGDirectoryTestSuite.java:129)
	at org.apache.maven.surefire.testng.TestNGDirectoryTestSuite.execute(TestNGDirectoryTestSuite.java:113)
	at org.apache.maven.surefire.testng.TestNGProvider.invoke(TestNGProvider.java:111)
	at org.apache.maven.surefire.booter.ForkedBooter.invokeProviderInSameClassLoader(ForkedBooter.java:203)
	at org.apache.maven.surefire.booter.ForkedBooter.runSuitesInProcess(ForkedBooter.java:155)
	at org.apache.maven.surefire.booter.ForkedBooter.main(ForkedBooter.java:103)
Caused by: org.openqa.selenium.firefox.NotConnectedException: Unable to connect to host 127.0.0.1 on port 7055 after 45000 ms. Firefox console output:
er	DEBUG	Registering shutdown blocker for PluginProvider
1439966104497	addons.manager	DEBUG	Provider finished startup: PluginProvider
1439966104497	addons.manager	DEBUG	Completed startup sequence
1439966104672	addons.xpi-utils	DEBUG	Starting async load of XPI database C:\Users\UMESH\AppData\Local\Temp\anonymous8861643020866131831webdriver-profile\extensions.json
*** Blocklist::_loadBlocklistFromFile: blocklist is disabled
1439966104932	addons.manager	DEBUG	Starting provider: <unnamed-provider>
1439966104932	addons.manager	DEBUG	Registering shutdown blocker for <unnamed-provider>
1439966104933	addons.manager	DEBUG	Provider finished startup: <unnamed-provider>
1439966105214	addons.xpi-utils	DEBUG	Async JSON file read took 0 MS
1439966105214	addons.xpi-utils	DEBUG	Finished async read of XPI database, parsing...
1439966105217	addons.xpi-utils	DEBUG	Successfully read XPI database
1439966105797	addons.manager	DEBUG	Starting provider: PreviousExperimentProvider
1439966105797	addons.manager	DEBUG	Registering shutdown blocker for PreviousExperimentProvider
1439966105798	addons.manager	DEBUG	Provider finished startup: PreviousExperimentProvider
JavaScript error: file:///C:/Users/UMESH/AppData/Local/Temp/anonymous8861643020866131831webdriver-profile/extensions/fxdriver@googlecode.com/components/driver-component.js, line 11464: TypeError: this.server_ is undefined
JavaScript error: chrome://fxdriver/content/server.js, line 38: NS_ERROR_XPC_CI_RETURNED_FAILURE: Component returned failure code: 0x80570015 (NS_ERROR_XPC_CI_RETURNED_FAILURE) [nsIJSCID.createInstance]
console.error: f: 
  Message: Module `sdk/deprecated/events` is not found at resource://gre/modules/commonjs/sdk/deprecated/events.js
  Stack:
    CuddlefishLoader/options<.load@resource://gre/modules/commonjs/sdk/loader/cuddlefish.js:79:18
ToolbarButton@resource://985c8d42048c4cbeb0bed522bd235ee7-at-jetpack/f/lib/toolbarbutton.js:1:684
exports.main@resource://985c8d42048c4cbeb0bed522bd235ee7-at-jetpack/f/lib/main.js:1:5170
run@resource://gre/modules/commonjs/sdk/addon/runner.js:151:1
startup/</<@resource://gre/modules/commonjs/sdk/addon/runner.js:86:7
Handler.prototype.process@resource://gre/modules/Promise-backend.js:867:23
this.PromiseWalker.walkerLoop@resource://gre/modules/Promise-backend.js:746:7
this.PromiseWalker.scheduleWalkerLoop/<@resource://gre/modules/Promise-backend.js:688:37

console.error: f: 
  Message: Module `sdk/deprecated/events` is not found at resource://gre/modules/commonjs/sdk/deprecated/events.js
  Stack:
    CuddlefishLoader/options<.load@resource://gre/modules/commonjs/sdk/loader/cuddlefish.js:79:18
ToolbarButton@resource://985c8d42048c4cbeb0bed522bd235ee7-at-jetpack/f/lib/toolbarbutton.js:1:684
exports.main@resource://985c8d42048c4cbeb0bed522bd235ee7-at-jetpack/f/lib/main.js:1:5170
run@resource://gre/modules/commonjs/sdk/addon/runner.js:151:1
startup/</<@resource://gre/modules/commonjs/sdk/addon/runner.js:86:7
Handler.prototype.process@resource://gre/modules/Promise-backend.js:867:23
this.PromiseWalker.walkerLoop@resource://gre/modules/Promise-backend.js:746:7
this.PromiseWalker.scheduleWalkerLoop/<@resource://gre/modules/Promise-backend.js:688:37

1439966140738	addons.xpi	DEBUG	Calling bootstrap method shutdown on jid1-93CWPmRbVPjRQA@jetpack version 2.0.10
1439966140859	addons.manager	DEBUG	shutdown
1439966140859	addons.manager	DEBUG	Calling shutdown blocker for XPIProvider
1439966140860	addons.xpi	DEBUG	shutdown
1439966140860	addons.xpi-utils	DEBUG	shutdown
1439966140860	addons.manager	DEBUG	Calling shutdown blocker for LightweightThemeManager
1439966140861	addons.manager	DEBUG	Calling shutdown blocker for GMPProvider
1439966140862	addons.manager	DEBUG	Calling shutdown blocker for PluginProvider
1439966140862	addons.manager	DEBUG	Calling shutdown blocker for <unnamed-provider>
1439966140863	addons.manager	DEBUG	Calling shutdown blocker for PreviousExperimentProvider
1439966140864	addons.xpi	DEBUG	Notifying XPI shutdown observers
1439966140868	addons.manager	DEBUG	Async provider shutdown done

	at org.openqa.selenium.firefox.internal.NewProfileExtensionConnection.start(NewProfileExtensionConnection.java:118)
	... 35 more
]]>
    </failure>
  </testcase> <!-- testPackagesCollectionImagesPresent -->
  <testcase name="titleHolidayTest" time="0.000" classname="com.via.holiday.pages.TestHomePageHoliday">
    <failure type="org.openqa.selenium.WebDriverException" message="Failed to connect to binary FirefoxBinary(C:\Program Files (x86)\Mozilla Firefox\firefox.exe) on port 7055; process output follows: 
er	DEBUG	Registering shutdown blocker for PluginProvider
1439966104497	addons.manager	DEBUG	Provider finished startup: PluginProvider
1439966104497	addons.manager	DEBUG	Completed startup sequence
1439966104672	addons.xpi-utils	DEBUG	Starting async load of XPI database C:\Users\UMESH\AppData\Local\Temp\anonymous8861643020866131831webdriver-profile\extensions.json
*** Blocklist::_loadBlocklistFromFile: blocklist is disabled
1439966104932	addons.manager	DEBUG	Starting provider: &lt;unnamed-provider&gt;
1439966104932	addons.manager	DEBUG	Registering shutdown blocker for &lt;unnamed-provider&gt;
1439966104933	addons.manager	DEBUG	Provider finished startup: &lt;unnamed-provider&gt;
1439966105214	addons.xpi-utils	DEBUG	Async JSON file read took 0 MS
1439966105214	addons.xpi-utils	DEBUG	Finished async read of XPI database, parsing...
1439966105217	addons.xpi-utils	DEBUG	Successfully read XPI database
1439966105797	addons.manager	DEBUG	Starting provider: PreviousExperimentProvider
1439966105797	addons.manager	DEBUG	Registering shutdown blocker for PreviousExperimentProvider
1439966105798	addons.manager	DEBUG	Provider finished startup: PreviousExperimentProvider
JavaScript error: file:///C:/Users/UMESH/AppData/Local/Temp/anonymous8861643020866131831webdriver-profile/extensions/fxdriver@googlecode.com/components/driver-component.js, line 11464: TypeError: this.server_ is undefined
JavaScript error: chrome://fxdriver/content/server.js, line 38: NS_ERROR_XPC_CI_RETURNED_FAILURE: Component returned failure code: 0x80570015 (NS_ERROR_XPC_CI_RETURNED_FAILURE) [nsIJSCID.createInstance]
console.error: f: 
  Message: Module `sdk/deprecated/events` is not found at resource://gre/modules/commonjs/sdk/deprecated/events.js
  Stack:
    CuddlefishLoader/options&lt;.load@resource://gre/modules/commonjs/sdk/loader/cuddlefish.js:79:18
ToolbarButton@resource://985c8d42048c4cbeb0bed522bd235ee7-at-jetpack/f/lib/toolbarbutton.js:1:684
exports.main@resource://985c8d42048c4cbeb0bed522bd235ee7-at-jetpack/f/lib/main.js:1:5170
run@resource://gre/modules/commonjs/sdk/addon/runner.js:151:1
startup/&lt;/&lt;@resource://gre/modules/commonjs/sdk/addon/runner.js:86:7
Handler.prototype.process@resource://gre/modules/Promise-backend.js:867:23
this.PromiseWalker.walkerLoop@resource://gre/modules/Promise-backend.js:746:7
this.PromiseWalker.scheduleWalkerLoop/&lt;@resource://gre/modules/Promise-backend.js:688:37

console.error: f: 
  Message: Module `sdk/deprecated/events` is not found at resource://gre/modules/commonjs/sdk/deprecated/events.js
  Stack:
    CuddlefishLoader/options&lt;.load@resource://gre/modules/commonjs/sdk/loader/cuddlefish.js:79:18
ToolbarButton@resource://985c8d42048c4cbeb0bed522bd235ee7-at-jetpack/f/lib/toolbarbutton.js:1:684
exports.main@resource://985c8d42048c4cbeb0bed522bd235ee7-at-jetpack/f/lib/main.js:1:5170
run@resource://gre/modules/commonjs/sdk/addon/runner.js:151:1
startup/&lt;/&lt;@resource://gre/modules/commonjs/sdk/addon/runner.js:86:7
Handler.prototype.process@resource://gre/modules/Promise-backend.js:867:23
this.PromiseWalker.walkerLoop@resource://gre/modules/Promise-backend.js:746:7
this.PromiseWalker.scheduleWalkerLoop/&lt;@resource://gre/modules/Promise-backend.js:688:37

1439966140738	addons.xpi	DEBUG	Calling bootstrap method shutdown on jid1-93CWPmRbVPjRQA@jetpack version 2.0.10
1439966140859	addons.manager	DEBUG	shutdown
1439966140859	addons.manager	DEBUG	Calling shutdown blocker for XPIProvider
1439966140860	addons.xpi	DEBUG	shutdown
1439966140860	addons.xpi-utils	DEBUG	shutdown
1439966140860	addons.manager	DEBUG	Calling shutdown blocker for LightweightThemeManager
1439966140861	addons.manager	DEBUG	Calling shutdown blocker for GMPProvider
1439966140862	addons.manager	DEBUG	Calling shutdown blocker for PluginProvider
1439966140862	addons.manager	DEBUG	Calling shutdown blocker for &lt;unnamed-provider&gt;
1439966140863	addons.manager	DEBUG	Calling shutdown blocker for PreviousExperimentProvider
1439966140864	addons.xpi	DEBUG	Notifying XPI shutdown observers
1439966140868	addons.manager	DEBUG	Async provider shutdown done

Build info: version: &#039;2.43.0&#039;, revision: &#039;accb3003b9fb8f7cae30f9669b4c594a065396a6&#039;, time: &#039;2014-09-09 22:22:51&#039;
System info: host: &#039;UMESH-PC&#039;, ip: &#039;172.16.104.65&#039;, os.name: &#039;Windows 7&#039;, os.arch: &#039;amd64&#039;, os.version: &#039;6.1&#039;, java.version: &#039;1.7.0_67&#039;
Driver info: driver.version: FirefoxDriver">
      <![CDATA[org.openqa.selenium.WebDriverException: Failed to connect to binary FirefoxBinary(C:\Program Files (x86)\Mozilla Firefox\firefox.exe) on port 7055; process output follows: 
er	DEBUG	Registering shutdown blocker for PluginProvider
1439966104497	addons.manager	DEBUG	Provider finished startup: PluginProvider
1439966104497	addons.manager	DEBUG	Completed startup sequence
1439966104672	addons.xpi-utils	DEBUG	Starting async load of XPI database C:\Users\UMESH\AppData\Local\Temp\anonymous8861643020866131831webdriver-profile\extensions.json
*** Blocklist::_loadBlocklistFromFile: blocklist is disabled
1439966104932	addons.manager	DEBUG	Starting provider: <unnamed-provider>
1439966104932	addons.manager	DEBUG	Registering shutdown blocker for <unnamed-provider>
1439966104933	addons.manager	DEBUG	Provider finished startup: <unnamed-provider>
1439966105214	addons.xpi-utils	DEBUG	Async JSON file read took 0 MS
1439966105214	addons.xpi-utils	DEBUG	Finished async read of XPI database, parsing...
1439966105217	addons.xpi-utils	DEBUG	Successfully read XPI database
1439966105797	addons.manager	DEBUG	Starting provider: PreviousExperimentProvider
1439966105797	addons.manager	DEBUG	Registering shutdown blocker for PreviousExperimentProvider
1439966105798	addons.manager	DEBUG	Provider finished startup: PreviousExperimentProvider
JavaScript error: file:///C:/Users/UMESH/AppData/Local/Temp/anonymous8861643020866131831webdriver-profile/extensions/fxdriver@googlecode.com/components/driver-component.js, line 11464: TypeError: this.server_ is undefined
JavaScript error: chrome://fxdriver/content/server.js, line 38: NS_ERROR_XPC_CI_RETURNED_FAILURE: Component returned failure code: 0x80570015 (NS_ERROR_XPC_CI_RETURNED_FAILURE) [nsIJSCID.createInstance]
console.error: f: 
  Message: Module `sdk/deprecated/events` is not found at resource://gre/modules/commonjs/sdk/deprecated/events.js
  Stack:
    CuddlefishLoader/options<.load@resource://gre/modules/commonjs/sdk/loader/cuddlefish.js:79:18
ToolbarButton@resource://985c8d42048c4cbeb0bed522bd235ee7-at-jetpack/f/lib/toolbarbutton.js:1:684
exports.main@resource://985c8d42048c4cbeb0bed522bd235ee7-at-jetpack/f/lib/main.js:1:5170
run@resource://gre/modules/commonjs/sdk/addon/runner.js:151:1
startup/</<@resource://gre/modules/commonjs/sdk/addon/runner.js:86:7
Handler.prototype.process@resource://gre/modules/Promise-backend.js:867:23
this.PromiseWalker.walkerLoop@resource://gre/modules/Promise-backend.js:746:7
this.PromiseWalker.scheduleWalkerLoop/<@resource://gre/modules/Promise-backend.js:688:37

console.error: f: 
  Message: Module `sdk/deprecated/events` is not found at resource://gre/modules/commonjs/sdk/deprecated/events.js
  Stack:
    CuddlefishLoader/options<.load@resource://gre/modules/commonjs/sdk/loader/cuddlefish.js:79:18
ToolbarButton@resource://985c8d42048c4cbeb0bed522bd235ee7-at-jetpack/f/lib/toolbarbutton.js:1:684
exports.main@resource://985c8d42048c4cbeb0bed522bd235ee7-at-jetpack/f/lib/main.js:1:5170
run@resource://gre/modules/commonjs/sdk/addon/runner.js:151:1
startup/</<@resource://gre/modules/commonjs/sdk/addon/runner.js:86:7
Handler.prototype.process@resource://gre/modules/Promise-backend.js:867:23
this.PromiseWalker.walkerLoop@resource://gre/modules/Promise-backend.js:746:7
this.PromiseWalker.scheduleWalkerLoop/<@resource://gre/modules/Promise-backend.js:688:37

1439966140738	addons.xpi	DEBUG	Calling bootstrap method shutdown on jid1-93CWPmRbVPjRQA@jetpack version 2.0.10
1439966140859	addons.manager	DEBUG	shutdown
1439966140859	addons.manager	DEBUG	Calling shutdown blocker for XPIProvider
1439966140860	addons.xpi	DEBUG	shutdown
1439966140860	addons.xpi-utils	DEBUG	shutdown
1439966140860	addons.manager	DEBUG	Calling shutdown blocker for LightweightThemeManager
1439966140861	addons.manager	DEBUG	Calling shutdown blocker for GMPProvider
1439966140862	addons.manager	DEBUG	Calling shutdown blocker for PluginProvider
1439966140862	addons.manager	DEBUG	Calling shutdown blocker for <unnamed-provider>
1439966140863	addons.manager	DEBUG	Calling shutdown blocker for PreviousExperimentProvider
1439966140864	addons.xpi	DEBUG	Notifying XPI shutdown observers
1439966140868	addons.manager	DEBUG	Async provider shutdown done

Build info: version: '2.43.0', revision: 'accb3003b9fb8f7cae30f9669b4c594a065396a6', time: '2014-09-09 22:22:51'
System info: host: 'UMESH-PC', ip: '172.16.104.65', os.name: 'Windows 7', os.arch: 'amd64', os.version: '6.1', java.version: '1.7.0_67'
Driver info: driver.version: FirefoxDriver
	at org.openqa.selenium.firefox.internal.NewProfileExtensionConnection.start(NewProfileExtensionConnection.java:130)
	at org.openqa.selenium.firefox.FirefoxDriver.startClient(FirefoxDriver.java:246)
	at org.openqa.selenium.remote.RemoteWebDriver.<init>(RemoteWebDriver.java:114)
	at org.openqa.selenium.firefox.FirefoxDriver.<init>(FirefoxDriver.java:191)
	at org.openqa.selenium.firefox.FirefoxDriver.<init>(FirefoxDriver.java:186)
	at org.openqa.selenium.firefox.FirefoxDriver.<init>(FirefoxDriver.java:182)
	at org.openqa.selenium.firefox.FirefoxDriver.<init>(FirefoxDriver.java:99)
	at com.via.base.util.SeleniumBase.openBrowsers(SeleniumBase.java:32)
	at com.via.holiday.pages.HomePageHoliday.openB2CBrowser(HomePageHoliday.java:12)
	at com.via.holiday.pages.TestHomePageHoliday.openViaHomepage(TestHomePageHoliday.java:15)
	at sun.reflect.NativeMethodAccessorImpl.invoke0(Native Method)
	at sun.reflect.NativeMethodAccessorImpl.invoke(NativeMethodAccessorImpl.java:57)
	at sun.reflect.DelegatingMethodAccessorImpl.invoke(DelegatingMethodAccessorImpl.java:43)
	at java.lang.reflect.Method.invoke(Method.java:606)
	at org.testng.internal.MethodInvocationHelper.invokeMethod(MethodInvocationHelper.java:84)
	at org.testng.internal.Invoker.invokeConfigurationMethod(Invoker.java:564)
	at org.testng.internal.Invoker.invokeConfigurations(Invoker.java:213)
	at org.testng.internal.Invoker.invokeConfigurations(Invoker.java:138)
	at org.testng.TestRunner.beforeRun(TestRunner.java:641)
	at org.testng.TestRunner.run(TestRunner.java:609)
	at org.testng.SuiteRunner.runTest(SuiteRunner.java:334)
	at org.testng.SuiteRunner.runSequentially(SuiteRunner.java:329)
	at org.testng.SuiteRunner.privateRun(SuiteRunner.java:291)
	at org.testng.SuiteRunner.run(SuiteRunner.java:240)
	at org.testng.SuiteRunnerWorker.runSuite(SuiteRunnerWorker.java:52)
	at org.testng.SuiteRunnerWorker.run(SuiteRunnerWorker.java:86)
	at org.testng.TestNG.runSuitesSequentially(TestNG.java:1224)
	at org.testng.TestNG.runSuitesLocally(TestNG.java:1149)
	at org.testng.TestNG.run(TestNG.java:1057)
	at org.apache.maven.surefire.testng.TestNGExecutor.run(TestNGExecutor.java:115)
	at org.apache.maven.surefire.testng.TestNGDirectoryTestSuite.executeSingleClass(TestNGDirectoryTestSuite.java:129)
	at org.apache.maven.surefire.testng.TestNGDirectoryTestSuite.execute(TestNGDirectoryTestSuite.java:113)
	at org.apache.maven.surefire.testng.TestNGProvider.invoke(TestNGProvider.java:111)
	at org.apache.maven.surefire.booter.ForkedBooter.invokeProviderInSameClassLoader(ForkedBooter.java:203)
	at org.apache.maven.surefire.booter.ForkedBooter.runSuitesInProcess(ForkedBooter.java:155)
	at org.apache.maven.surefire.booter.ForkedBooter.main(ForkedBooter.java:103)
Caused by: org.openqa.selenium.firefox.NotConnectedException: Unable to connect to host 127.0.0.1 on port 7055 after 45000 ms. Firefox console output:
er	DEBUG	Registering shutdown blocker for PluginProvider
1439966104497	addons.manager	DEBUG	Provider finished startup: PluginProvider
1439966104497	addons.manager	DEBUG	Completed startup sequence
1439966104672	addons.xpi-utils	DEBUG	Starting async load of XPI database C:\Users\UMESH\AppData\Local\Temp\anonymous8861643020866131831webdriver-profile\extensions.json
*** Blocklist::_loadBlocklistFromFile: blocklist is disabled
1439966104932	addons.manager	DEBUG	Starting provider: <unnamed-provider>
1439966104932	addons.manager	DEBUG	Registering shutdown blocker for <unnamed-provider>
1439966104933	addons.manager	DEBUG	Provider finished startup: <unnamed-provider>
1439966105214	addons.xpi-utils	DEBUG	Async JSON file read took 0 MS
1439966105214	addons.xpi-utils	DEBUG	Finished async read of XPI database, parsing...
1439966105217	addons.xpi-utils	DEBUG	Successfully read XPI database
1439966105797	addons.manager	DEBUG	Starting provider: PreviousExperimentProvider
1439966105797	addons.manager	DEBUG	Registering shutdown blocker for PreviousExperimentProvider
1439966105798	addons.manager	DEBUG	Provider finished startup: PreviousExperimentProvider
JavaScript error: file:///C:/Users/UMESH/AppData/Local/Temp/anonymous8861643020866131831webdriver-profile/extensions/fxdriver@googlecode.com/components/driver-component.js, line 11464: TypeError: this.server_ is undefined
JavaScript error: chrome://fxdriver/content/server.js, line 38: NS_ERROR_XPC_CI_RETURNED_FAILURE: Component returned failure code: 0x80570015 (NS_ERROR_XPC_CI_RETURNED_FAILURE) [nsIJSCID.createInstance]
console.error: f: 
  Message: Module `sdk/deprecated/events` is not found at resource://gre/modules/commonjs/sdk/deprecated/events.js
  Stack:
    CuddlefishLoader/options<.load@resource://gre/modules/commonjs/sdk/loader/cuddlefish.js:79:18
ToolbarButton@resource://985c8d42048c4cbeb0bed522bd235ee7-at-jetpack/f/lib/toolbarbutton.js:1:684
exports.main@resource://985c8d42048c4cbeb0bed522bd235ee7-at-jetpack/f/lib/main.js:1:5170
run@resource://gre/modules/commonjs/sdk/addon/runner.js:151:1
startup/</<@resource://gre/modules/commonjs/sdk/addon/runner.js:86:7
Handler.prototype.process@resource://gre/modules/Promise-backend.js:867:23
this.PromiseWalker.walkerLoop@resource://gre/modules/Promise-backend.js:746:7
this.PromiseWalker.scheduleWalkerLoop/<@resource://gre/modules/Promise-backend.js:688:37

console.error: f: 
  Message: Module `sdk/deprecated/events` is not found at resource://gre/modules/commonjs/sdk/deprecated/events.js
  Stack:
    CuddlefishLoader/options<.load@resource://gre/modules/commonjs/sdk/loader/cuddlefish.js:79:18
ToolbarButton@resource://985c8d42048c4cbeb0bed522bd235ee7-at-jetpack/f/lib/toolbarbutton.js:1:684
exports.main@resource://985c8d42048c4cbeb0bed522bd235ee7-at-jetpack/f/lib/main.js:1:5170
run@resource://gre/modules/commonjs/sdk/addon/runner.js:151:1
startup/</<@resource://gre/modules/commonjs/sdk/addon/runner.js:86:7
Handler.prototype.process@resource://gre/modules/Promise-backend.js:867:23
this.PromiseWalker.walkerLoop@resource://gre/modules/Promise-backend.js:746:7
this.PromiseWalker.scheduleWalkerLoop/<@resource://gre/modules/Promise-backend.js:688:37

1439966140738	addons.xpi	DEBUG	Calling bootstrap method shutdown on jid1-93CWPmRbVPjRQA@jetpack version 2.0.10
1439966140859	addons.manager	DEBUG	shutdown
1439966140859	addons.manager	DEBUG	Calling shutdown blocker for XPIProvider
1439966140860	addons.xpi	DEBUG	shutdown
1439966140860	addons.xpi-utils	DEBUG	shutdown
1439966140860	addons.manager	DEBUG	Calling shutdown blocker for LightweightThemeManager
1439966140861	addons.manager	DEBUG	Calling shutdown blocker for GMPProvider
1439966140862	addons.manager	DEBUG	Calling shutdown blocker for PluginProvider
1439966140862	addons.manager	DEBUG	Calling shutdown blocker for <unnamed-provider>
1439966140863	addons.manager	DEBUG	Calling shutdown blocker for PreviousExperimentProvider
1439966140864	addons.xpi	DEBUG	Notifying XPI shutdown observers
1439966140868	addons.manager	DEBUG	Async provider shutdown done

	at org.openqa.selenium.firefox.internal.NewProfileExtensionConnection.start(NewProfileExtensionConnection.java:118)
	... 35 more
]]>
    </failure>
  </testcase> <!-- titleHolidayTest -->
  <testcase name="menuProductIconTest" time="0.000" classname="com.via.holiday.pages.TestHomePageHoliday">
    <failure type="org.openqa.selenium.WebDriverException" message="Failed to connect to binary FirefoxBinary(C:\Program Files (x86)\Mozilla Firefox\firefox.exe) on port 7055; process output follows: 
er	DEBUG	Registering shutdown blocker for PluginProvider
1439966104497	addons.manager	DEBUG	Provider finished startup: PluginProvider
1439966104497	addons.manager	DEBUG	Completed startup sequence
1439966104672	addons.xpi-utils	DEBUG	Starting async load of XPI database C:\Users\UMESH\AppData\Local\Temp\anonymous8861643020866131831webdriver-profile\extensions.json
*** Blocklist::_loadBlocklistFromFile: blocklist is disabled
1439966104932	addons.manager	DEBUG	Starting provider: &lt;unnamed-provider&gt;
1439966104932	addons.manager	DEBUG	Registering shutdown blocker for &lt;unnamed-provider&gt;
1439966104933	addons.manager	DEBUG	Provider finished startup: &lt;unnamed-provider&gt;
1439966105214	addons.xpi-utils	DEBUG	Async JSON file read took 0 MS
1439966105214	addons.xpi-utils	DEBUG	Finished async read of XPI database, parsing...
1439966105217	addons.xpi-utils	DEBUG	Successfully read XPI database
1439966105797	addons.manager	DEBUG	Starting provider: PreviousExperimentProvider
1439966105797	addons.manager	DEBUG	Registering shutdown blocker for PreviousExperimentProvider
1439966105798	addons.manager	DEBUG	Provider finished startup: PreviousExperimentProvider
JavaScript error: file:///C:/Users/UMESH/AppData/Local/Temp/anonymous8861643020866131831webdriver-profile/extensions/fxdriver@googlecode.com/components/driver-component.js, line 11464: TypeError: this.server_ is undefined
JavaScript error: chrome://fxdriver/content/server.js, line 38: NS_ERROR_XPC_CI_RETURNED_FAILURE: Component returned failure code: 0x80570015 (NS_ERROR_XPC_CI_RETURNED_FAILURE) [nsIJSCID.createInstance]
console.error: f: 
  Message: Module `sdk/deprecated/events` is not found at resource://gre/modules/commonjs/sdk/deprecated/events.js
  Stack:
    CuddlefishLoader/options&lt;.load@resource://gre/modules/commonjs/sdk/loader/cuddlefish.js:79:18
ToolbarButton@resource://985c8d42048c4cbeb0bed522bd235ee7-at-jetpack/f/lib/toolbarbutton.js:1:684
exports.main@resource://985c8d42048c4cbeb0bed522bd235ee7-at-jetpack/f/lib/main.js:1:5170
run@resource://gre/modules/commonjs/sdk/addon/runner.js:151:1
startup/&lt;/&lt;@resource://gre/modules/commonjs/sdk/addon/runner.js:86:7
Handler.prototype.process@resource://gre/modules/Promise-backend.js:867:23
this.PromiseWalker.walkerLoop@resource://gre/modules/Promise-backend.js:746:7
this.PromiseWalker.scheduleWalkerLoop/&lt;@resource://gre/modules/Promise-backend.js:688:37

console.error: f: 
  Message: Module `sdk/deprecated/events` is not found at resource://gre/modules/commonjs/sdk/deprecated/events.js
  Stack:
    CuddlefishLoader/options&lt;.load@resource://gre/modules/commonjs/sdk/loader/cuddlefish.js:79:18
ToolbarButton@resource://985c8d42048c4cbeb0bed522bd235ee7-at-jetpack/f/lib/toolbarbutton.js:1:684
exports.main@resource://985c8d42048c4cbeb0bed522bd235ee7-at-jetpack/f/lib/main.js:1:5170
run@resource://gre/modules/commonjs/sdk/addon/runner.js:151:1
startup/&lt;/&lt;@resource://gre/modules/commonjs/sdk/addon/runner.js:86:7
Handler.prototype.process@resource://gre/modules/Promise-backend.js:867:23
this.PromiseWalker.walkerLoop@resource://gre/modules/Promise-backend.js:746:7
this.PromiseWalker.scheduleWalkerLoop/&lt;@resource://gre/modules/Promise-backend.js:688:37

1439966140738	addons.xpi	DEBUG	Calling bootstrap method shutdown on jid1-93CWPmRbVPjRQA@jetpack version 2.0.10
1439966140859	addons.manager	DEBUG	shutdown
1439966140859	addons.manager	DEBUG	Calling shutdown blocker for XPIProvider
1439966140860	addons.xpi	DEBUG	shutdown
1439966140860	addons.xpi-utils	DEBUG	shutdown
1439966140860	addons.manager	DEBUG	Calling shutdown blocker for LightweightThemeManager
1439966140861	addons.manager	DEBUG	Calling shutdown blocker for GMPProvider
1439966140862	addons.manager	DEBUG	Calling shutdown blocker for PluginProvider
1439966140862	addons.manager	DEBUG	Calling shutdown blocker for &lt;unnamed-provider&gt;
1439966140863	addons.manager	DEBUG	Calling shutdown blocker for PreviousExperimentProvider
1439966140864	addons.xpi	DEBUG	Notifying XPI shutdown observers
1439966140868	addons.manager	DEBUG	Async provider shutdown done

Build info: version: &#039;2.43.0&#039;, revision: &#039;accb3003b9fb8f7cae30f9669b4c594a065396a6&#039;, time: &#039;2014-09-09 22:22:51&#039;
System info: host: &#039;UMESH-PC&#039;, ip: &#039;172.16.104.65&#039;, os.name: &#039;Windows 7&#039;, os.arch: &#039;amd64&#039;, os.version: &#039;6.1&#039;, java.version: &#039;1.7.0_67&#039;
Driver info: driver.version: FirefoxDriver">
      <![CDATA[org.openqa.selenium.WebDriverException: Failed to connect to binary FirefoxBinary(C:\Program Files (x86)\Mozilla Firefox\firefox.exe) on port 7055; process output follows: 
er	DEBUG	Registering shutdown blocker for PluginProvider
1439966104497	addons.manager	DEBUG	Provider finished startup: PluginProvider
1439966104497	addons.manager	DEBUG	Completed startup sequence
1439966104672	addons.xpi-utils	DEBUG	Starting async load of XPI database C:\Users\UMESH\AppData\Local\Temp\anonymous8861643020866131831webdriver-profile\extensions.json
*** Blocklist::_loadBlocklistFromFile: blocklist is disabled
1439966104932	addons.manager	DEBUG	Starting provider: <unnamed-provider>
1439966104932	addons.manager	DEBUG	Registering shutdown blocker for <unnamed-provider>
1439966104933	addons.manager	DEBUG	Provider finished startup: <unnamed-provider>
1439966105214	addons.xpi-utils	DEBUG	Async JSON file read took 0 MS
1439966105214	addons.xpi-utils	DEBUG	Finished async read of XPI database, parsing...
1439966105217	addons.xpi-utils	DEBUG	Successfully read XPI database
1439966105797	addons.manager	DEBUG	Starting provider: PreviousExperimentProvider
1439966105797	addons.manager	DEBUG	Registering shutdown blocker for PreviousExperimentProvider
1439966105798	addons.manager	DEBUG	Provider finished startup: PreviousExperimentProvider
JavaScript error: file:///C:/Users/UMESH/AppData/Local/Temp/anonymous8861643020866131831webdriver-profile/extensions/fxdriver@googlecode.com/components/driver-component.js, line 11464: TypeError: this.server_ is undefined
JavaScript error: chrome://fxdriver/content/server.js, line 38: NS_ERROR_XPC_CI_RETURNED_FAILURE: Component returned failure code: 0x80570015 (NS_ERROR_XPC_CI_RETURNED_FAILURE) [nsIJSCID.createInstance]
console.error: f: 
  Message: Module `sdk/deprecated/events` is not found at resource://gre/modules/commonjs/sdk/deprecated/events.js
  Stack:
    CuddlefishLoader/options<.load@resource://gre/modules/commonjs/sdk/loader/cuddlefish.js:79:18
ToolbarButton@resource://985c8d42048c4cbeb0bed522bd235ee7-at-jetpack/f/lib/toolbarbutton.js:1:684
exports.main@resource://985c8d42048c4cbeb0bed522bd235ee7-at-jetpack/f/lib/main.js:1:5170
run@resource://gre/modules/commonjs/sdk/addon/runner.js:151:1
startup/</<@resource://gre/modules/commonjs/sdk/addon/runner.js:86:7
Handler.prototype.process@resource://gre/modules/Promise-backend.js:867:23
this.PromiseWalker.walkerLoop@resource://gre/modules/Promise-backend.js:746:7
this.PromiseWalker.scheduleWalkerLoop/<@resource://gre/modules/Promise-backend.js:688:37

console.error: f: 
  Message: Module `sdk/deprecated/events` is not found at resource://gre/modules/commonjs/sdk/deprecated/events.js
  Stack:
    CuddlefishLoader/options<.load@resource://gre/modules/commonjs/sdk/loader/cuddlefish.js:79:18
ToolbarButton@resource://985c8d42048c4cbeb0bed522bd235ee7-at-jetpack/f/lib/toolbarbutton.js:1:684
exports.main@resource://985c8d42048c4cbeb0bed522bd235ee7-at-jetpack/f/lib/main.js:1:5170
run@resource://gre/modules/commonjs/sdk/addon/runner.js:151:1
startup/</<@resource://gre/modules/commonjs/sdk/addon/runner.js:86:7
Handler.prototype.process@resource://gre/modules/Promise-backend.js:867:23
this.PromiseWalker.walkerLoop@resource://gre/modules/Promise-backend.js:746:7
this.PromiseWalker.scheduleWalkerLoop/<@resource://gre/modules/Promise-backend.js:688:37

1439966140738	addons.xpi	DEBUG	Calling bootstrap method shutdown on jid1-93CWPmRbVPjRQA@jetpack version 2.0.10
1439966140859	addons.manager	DEBUG	shutdown
1439966140859	addons.manager	DEBUG	Calling shutdown blocker for XPIProvider
1439966140860	addons.xpi	DEBUG	shutdown
1439966140860	addons.xpi-utils	DEBUG	shutdown
1439966140860	addons.manager	DEBUG	Calling shutdown blocker for LightweightThemeManager
1439966140861	addons.manager	DEBUG	Calling shutdown blocker for GMPProvider
1439966140862	addons.manager	DEBUG	Calling shutdown blocker for PluginProvider
1439966140862	addons.manager	DEBUG	Calling shutdown blocker for <unnamed-provider>
1439966140863	addons.manager	DEBUG	Calling shutdown blocker for PreviousExperimentProvider
1439966140864	addons.xpi	DEBUG	Notifying XPI shutdown observers
1439966140868	addons.manager	DEBUG	Async provider shutdown done

Build info: version: '2.43.0', revision: 'accb3003b9fb8f7cae30f9669b4c594a065396a6', time: '2014-09-09 22:22:51'
System info: host: 'UMESH-PC', ip: '172.16.104.65', os.name: 'Windows 7', os.arch: 'amd64', os.version: '6.1', java.version: '1.7.0_67'
Driver info: driver.version: FirefoxDriver
	at org.openqa.selenium.firefox.internal.NewProfileExtensionConnection.start(NewProfileExtensionConnection.java:130)
	at org.openqa.selenium.firefox.FirefoxDriver.startClient(FirefoxDriver.java:246)
	at org.openqa.selenium.remote.RemoteWebDriver.<init>(RemoteWebDriver.java:114)
	at org.openqa.selenium.firefox.FirefoxDriver.<init>(FirefoxDriver.java:191)
	at org.openqa.selenium.firefox.FirefoxDriver.<init>(FirefoxDriver.java:186)
	at org.openqa.selenium.firefox.FirefoxDriver.<init>(FirefoxDriver.java:182)
	at org.openqa.selenium.firefox.FirefoxDriver.<init>(FirefoxDriver.java:99)
	at com.via.base.util.SeleniumBase.openBrowsers(SeleniumBase.java:32)
	at com.via.holiday.pages.HomePageHoliday.openB2CBrowser(HomePageHoliday.java:12)
	at com.via.holiday.pages.TestHomePageHoliday.openViaHomepage(TestHomePageHoliday.java:15)
	at sun.reflect.NativeMethodAccessorImpl.invoke0(Native Method)
	at sun.reflect.NativeMethodAccessorImpl.invoke(NativeMethodAccessorImpl.java:57)
	at sun.reflect.DelegatingMethodAccessorImpl.invoke(DelegatingMethodAccessorImpl.java:43)
	at java.lang.reflect.Method.invoke(Method.java:606)
	at org.testng.internal.MethodInvocationHelper.invokeMethod(MethodInvocationHelper.java:84)
	at org.testng.internal.Invoker.invokeConfigurationMethod(Invoker.java:564)
	at org.testng.internal.Invoker.invokeConfigurations(Invoker.java:213)
	at org.testng.internal.Invoker.invokeConfigurations(Invoker.java:138)
	at org.testng.TestRunner.beforeRun(TestRunner.java:641)
	at org.testng.TestRunner.run(TestRunner.java:609)
	at org.testng.SuiteRunner.runTest(SuiteRunner.java:334)
	at org.testng.SuiteRunner.runSequentially(SuiteRunner.java:329)
	at org.testng.SuiteRunner.privateRun(SuiteRunner.java:291)
	at org.testng.SuiteRunner.run(SuiteRunner.java:240)
	at org.testng.SuiteRunnerWorker.runSuite(SuiteRunnerWorker.java:52)
	at org.testng.SuiteRunnerWorker.run(SuiteRunnerWorker.java:86)
	at org.testng.TestNG.runSuitesSequentially(TestNG.java:1224)
	at org.testng.TestNG.runSuitesLocally(TestNG.java:1149)
	at org.testng.TestNG.run(TestNG.java:1057)
	at org.apache.maven.surefire.testng.TestNGExecutor.run(TestNGExecutor.java:115)
	at org.apache.maven.surefire.testng.TestNGDirectoryTestSuite.executeSingleClass(TestNGDirectoryTestSuite.java:129)
	at org.apache.maven.surefire.testng.TestNGDirectoryTestSuite.execute(TestNGDirectoryTestSuite.java:113)
	at org.apache.maven.surefire.testng.TestNGProvider.invoke(TestNGProvider.java:111)
	at org.apache.maven.surefire.booter.ForkedBooter.invokeProviderInSameClassLoader(ForkedBooter.java:203)
	at org.apache.maven.surefire.booter.ForkedBooter.runSuitesInProcess(ForkedBooter.java:155)
	at org.apache.maven.surefire.booter.ForkedBooter.main(ForkedBooter.java:103)
Caused by: org.openqa.selenium.firefox.NotConnectedException: Unable to connect to host 127.0.0.1 on port 7055 after 45000 ms. Firefox console output:
er	DEBUG	Registering shutdown blocker for PluginProvider
1439966104497	addons.manager	DEBUG	Provider finished startup: PluginProvider
1439966104497	addons.manager	DEBUG	Completed startup sequence
1439966104672	addons.xpi-utils	DEBUG	Starting async load of XPI database C:\Users\UMESH\AppData\Local\Temp\anonymous8861643020866131831webdriver-profile\extensions.json
*** Blocklist::_loadBlocklistFromFile: blocklist is disabled
1439966104932	addons.manager	DEBUG	Starting provider: <unnamed-provider>
1439966104932	addons.manager	DEBUG	Registering shutdown blocker for <unnamed-provider>
1439966104933	addons.manager	DEBUG	Provider finished startup: <unnamed-provider>
1439966105214	addons.xpi-utils	DEBUG	Async JSON file read took 0 MS
1439966105214	addons.xpi-utils	DEBUG	Finished async read of XPI database, parsing...
1439966105217	addons.xpi-utils	DEBUG	Successfully read XPI database
1439966105797	addons.manager	DEBUG	Starting provider: PreviousExperimentProvider
1439966105797	addons.manager	DEBUG	Registering shutdown blocker for PreviousExperimentProvider
1439966105798	addons.manager	DEBUG	Provider finished startup: PreviousExperimentProvider
JavaScript error: file:///C:/Users/UMESH/AppData/Local/Temp/anonymous8861643020866131831webdriver-profile/extensions/fxdriver@googlecode.com/components/driver-component.js, line 11464: TypeError: this.server_ is undefined
JavaScript error: chrome://fxdriver/content/server.js, line 38: NS_ERROR_XPC_CI_RETURNED_FAILURE: Component returned failure code: 0x80570015 (NS_ERROR_XPC_CI_RETURNED_FAILURE) [nsIJSCID.createInstance]
console.error: f: 
  Message: Module `sdk/deprecated/events` is not found at resource://gre/modules/commonjs/sdk/deprecated/events.js
  Stack:
    CuddlefishLoader/options<.load@resource://gre/modules/commonjs/sdk/loader/cuddlefish.js:79:18
ToolbarButton@resource://985c8d42048c4cbeb0bed522bd235ee7-at-jetpack/f/lib/toolbarbutton.js:1:684
exports.main@resource://985c8d42048c4cbeb0bed522bd235ee7-at-jetpack/f/lib/main.js:1:5170
run@resource://gre/modules/commonjs/sdk/addon/runner.js:151:1
startup/</<@resource://gre/modules/commonjs/sdk/addon/runner.js:86:7
Handler.prototype.process@resource://gre/modules/Promise-backend.js:867:23
this.PromiseWalker.walkerLoop@resource://gre/modules/Promise-backend.js:746:7
this.PromiseWalker.scheduleWalkerLoop/<@resource://gre/modules/Promise-backend.js:688:37

console.error: f: 
  Message: Module `sdk/deprecated/events` is not found at resource://gre/modules/commonjs/sdk/deprecated/events.js
  Stack:
    CuddlefishLoader/options<.load@resource://gre/modules/commonjs/sdk/loader/cuddlefish.js:79:18
ToolbarButton@resource://985c8d42048c4cbeb0bed522bd235ee7-at-jetpack/f/lib/toolbarbutton.js:1:684
exports.main@resource://985c8d42048c4cbeb0bed522bd235ee7-at-jetpack/f/lib/main.js:1:5170
run@resource://gre/modules/commonjs/sdk/addon/runner.js:151:1
startup/</<@resource://gre/modules/commonjs/sdk/addon/runner.js:86:7
Handler.prototype.process@resource://gre/modules/Promise-backend.js:867:23
this.PromiseWalker.walkerLoop@resource://gre/modules/Promise-backend.js:746:7
this.PromiseWalker.scheduleWalkerLoop/<@resource://gre/modules/Promise-backend.js:688:37

1439966140738	addons.xpi	DEBUG	Calling bootstrap method shutdown on jid1-93CWPmRbVPjRQA@jetpack version 2.0.10
1439966140859	addons.manager	DEBUG	shutdown
1439966140859	addons.manager	DEBUG	Calling shutdown blocker for XPIProvider
1439966140860	addons.xpi	DEBUG	shutdown
1439966140860	addons.xpi-utils	DEBUG	shutdown
1439966140860	addons.manager	DEBUG	Calling shutdown blocker for LightweightThemeManager
1439966140861	addons.manager	DEBUG	Calling shutdown blocker for GMPProvider
1439966140862	addons.manager	DEBUG	Calling shutdown blocker for PluginProvider
1439966140862	addons.manager	DEBUG	Calling shutdown blocker for <unnamed-provider>
1439966140863	addons.manager	DEBUG	Calling shutdown blocker for PreviousExperimentProvider
1439966140864	addons.xpi	DEBUG	Notifying XPI shutdown observers
1439966140868	addons.manager	DEBUG	Async provider shutdown done

	at org.openqa.selenium.firefox.internal.NewProfileExtensionConnection.start(NewProfileExtensionConnection.java:118)
	... 35 more
]]>
    </failure>
  </testcase> <!-- menuProductIconTest -->
  <testcase name="testHotDealsImagesPresent" time="0.000" classname="com.via.holiday.pages.TestHomePageHoliday">
    <failure type="org.openqa.selenium.WebDriverException" message="Failed to connect to binary FirefoxBinary(C:\Program Files (x86)\Mozilla Firefox\firefox.exe) on port 7055; process output follows: 
er	DEBUG	Registering shutdown blocker for PluginProvider
1439966104497	addons.manager	DEBUG	Provider finished startup: PluginProvider
1439966104497	addons.manager	DEBUG	Completed startup sequence
1439966104672	addons.xpi-utils	DEBUG	Starting async load of XPI database C:\Users\UMESH\AppData\Local\Temp\anonymous8861643020866131831webdriver-profile\extensions.json
*** Blocklist::_loadBlocklistFromFile: blocklist is disabled
1439966104932	addons.manager	DEBUG	Starting provider: &lt;unnamed-provider&gt;
1439966104932	addons.manager	DEBUG	Registering shutdown blocker for &lt;unnamed-provider&gt;
1439966104933	addons.manager	DEBUG	Provider finished startup: &lt;unnamed-provider&gt;
1439966105214	addons.xpi-utils	DEBUG	Async JSON file read took 0 MS
1439966105214	addons.xpi-utils	DEBUG	Finished async read of XPI database, parsing...
1439966105217	addons.xpi-utils	DEBUG	Successfully read XPI database
1439966105797	addons.manager	DEBUG	Starting provider: PreviousExperimentProvider
1439966105797	addons.manager	DEBUG	Registering shutdown blocker for PreviousExperimentProvider
1439966105798	addons.manager	DEBUG	Provider finished startup: PreviousExperimentProvider
JavaScript error: file:///C:/Users/UMESH/AppData/Local/Temp/anonymous8861643020866131831webdriver-profile/extensions/fxdriver@googlecode.com/components/driver-component.js, line 11464: TypeError: this.server_ is undefined
JavaScript error: chrome://fxdriver/content/server.js, line 38: NS_ERROR_XPC_CI_RETURNED_FAILURE: Component returned failure code: 0x80570015 (NS_ERROR_XPC_CI_RETURNED_FAILURE) [nsIJSCID.createInstance]
console.error: f: 
  Message: Module `sdk/deprecated/events` is not found at resource://gre/modules/commonjs/sdk/deprecated/events.js
  Stack:
    CuddlefishLoader/options&lt;.load@resource://gre/modules/commonjs/sdk/loader/cuddlefish.js:79:18
ToolbarButton@resource://985c8d42048c4cbeb0bed522bd235ee7-at-jetpack/f/lib/toolbarbutton.js:1:684
exports.main@resource://985c8d42048c4cbeb0bed522bd235ee7-at-jetpack/f/lib/main.js:1:5170
run@resource://gre/modules/commonjs/sdk/addon/runner.js:151:1
startup/&lt;/&lt;@resource://gre/modules/commonjs/sdk/addon/runner.js:86:7
Handler.prototype.process@resource://gre/modules/Promise-backend.js:867:23
this.PromiseWalker.walkerLoop@resource://gre/modules/Promise-backend.js:746:7
this.PromiseWalker.scheduleWalkerLoop/&lt;@resource://gre/modules/Promise-backend.js:688:37

console.error: f: 
  Message: Module `sdk/deprecated/events` is not found at resource://gre/modules/commonjs/sdk/deprecated/events.js
  Stack:
    CuddlefishLoader/options&lt;.load@resource://gre/modules/commonjs/sdk/loader/cuddlefish.js:79:18
ToolbarButton@resource://985c8d42048c4cbeb0bed522bd235ee7-at-jetpack/f/lib/toolbarbutton.js:1:684
exports.main@resource://985c8d42048c4cbeb0bed522bd235ee7-at-jetpack/f/lib/main.js:1:5170
run@resource://gre/modules/commonjs/sdk/addon/runner.js:151:1
startup/&lt;/&lt;@resource://gre/modules/commonjs/sdk/addon/runner.js:86:7
Handler.prototype.process@resource://gre/modules/Promise-backend.js:867:23
this.PromiseWalker.walkerLoop@resource://gre/modules/Promise-backend.js:746:7
this.PromiseWalker.scheduleWalkerLoop/&lt;@resource://gre/modules/Promise-backend.js:688:37

1439966140738	addons.xpi	DEBUG	Calling bootstrap method shutdown on jid1-93CWPmRbVPjRQA@jetpack version 2.0.10
1439966140859	addons.manager	DEBUG	shutdown
1439966140859	addons.manager	DEBUG	Calling shutdown blocker for XPIProvider
1439966140860	addons.xpi	DEBUG	shutdown
1439966140860	addons.xpi-utils	DEBUG	shutdown
1439966140860	addons.manager	DEBUG	Calling shutdown blocker for LightweightThemeManager
1439966140861	addons.manager	DEBUG	Calling shutdown blocker for GMPProvider
1439966140862	addons.manager	DEBUG	Calling shutdown blocker for PluginProvider
1439966140862	addons.manager	DEBUG	Calling shutdown blocker for &lt;unnamed-provider&gt;
1439966140863	addons.manager	DEBUG	Calling shutdown blocker for PreviousExperimentProvider
1439966140864	addons.xpi	DEBUG	Notifying XPI shutdown observers
1439966140868	addons.manager	DEBUG	Async provider shutdown done

Build info: version: &#039;2.43.0&#039;, revision: &#039;accb3003b9fb8f7cae30f9669b4c594a065396a6&#039;, time: &#039;2014-09-09 22:22:51&#039;
System info: host: &#039;UMESH-PC&#039;, ip: &#039;172.16.104.65&#039;, os.name: &#039;Windows 7&#039;, os.arch: &#039;amd64&#039;, os.version: &#039;6.1&#039;, java.version: &#039;1.7.0_67&#039;
Driver info: driver.version: FirefoxDriver">
      <![CDATA[org.openqa.selenium.WebDriverException: Failed to connect to binary FirefoxBinary(C:\Program Files (x86)\Mozilla Firefox\firefox.exe) on port 7055; process output follows: 
er	DEBUG	Registering shutdown blocker for PluginProvider
1439966104497	addons.manager	DEBUG	Provider finished startup: PluginProvider
1439966104497	addons.manager	DEBUG	Completed startup sequence
1439966104672	addons.xpi-utils	DEBUG	Starting async load of XPI database C:\Users\UMESH\AppData\Local\Temp\anonymous8861643020866131831webdriver-profile\extensions.json
*** Blocklist::_loadBlocklistFromFile: blocklist is disabled
1439966104932	addons.manager	DEBUG	Starting provider: <unnamed-provider>
1439966104932	addons.manager	DEBUG	Registering shutdown blocker for <unnamed-provider>
1439966104933	addons.manager	DEBUG	Provider finished startup: <unnamed-provider>
1439966105214	addons.xpi-utils	DEBUG	Async JSON file read took 0 MS
1439966105214	addons.xpi-utils	DEBUG	Finished async read of XPI database, parsing...
1439966105217	addons.xpi-utils	DEBUG	Successfully read XPI database
1439966105797	addons.manager	DEBUG	Starting provider: PreviousExperimentProvider
1439966105797	addons.manager	DEBUG	Registering shutdown blocker for PreviousExperimentProvider
1439966105798	addons.manager	DEBUG	Provider finished startup: PreviousExperimentProvider
JavaScript error: file:///C:/Users/UMESH/AppData/Local/Temp/anonymous8861643020866131831webdriver-profile/extensions/fxdriver@googlecode.com/components/driver-component.js, line 11464: TypeError: this.server_ is undefined
JavaScript error: chrome://fxdriver/content/server.js, line 38: NS_ERROR_XPC_CI_RETURNED_FAILURE: Component returned failure code: 0x80570015 (NS_ERROR_XPC_CI_RETURNED_FAILURE) [nsIJSCID.createInstance]
console.error: f: 
  Message: Module `sdk/deprecated/events` is not found at resource://gre/modules/commonjs/sdk/deprecated/events.js
  Stack:
    CuddlefishLoader/options<.load@resource://gre/modules/commonjs/sdk/loader/cuddlefish.js:79:18
ToolbarButton@resource://985c8d42048c4cbeb0bed522bd235ee7-at-jetpack/f/lib/toolbarbutton.js:1:684
exports.main@resource://985c8d42048c4cbeb0bed522bd235ee7-at-jetpack/f/lib/main.js:1:5170
run@resource://gre/modules/commonjs/sdk/addon/runner.js:151:1
startup/</<@resource://gre/modules/commonjs/sdk/addon/runner.js:86:7
Handler.prototype.process@resource://gre/modules/Promise-backend.js:867:23
this.PromiseWalker.walkerLoop@resource://gre/modules/Promise-backend.js:746:7
this.PromiseWalker.scheduleWalkerLoop/<@resource://gre/modules/Promise-backend.js:688:37

console.error: f: 
  Message: Module `sdk/deprecated/events` is not found at resource://gre/modules/commonjs/sdk/deprecated/events.js
  Stack:
    CuddlefishLoader/options<.load@resource://gre/modules/commonjs/sdk/loader/cuddlefish.js:79:18
ToolbarButton@resource://985c8d42048c4cbeb0bed522bd235ee7-at-jetpack/f/lib/toolbarbutton.js:1:684
exports.main@resource://985c8d42048c4cbeb0bed522bd235ee7-at-jetpack/f/lib/main.js:1:5170
run@resource://gre/modules/commonjs/sdk/addon/runner.js:151:1
startup/</<@resource://gre/modules/commonjs/sdk/addon/runner.js:86:7
Handler.prototype.process@resource://gre/modules/Promise-backend.js:867:23
this.PromiseWalker.walkerLoop@resource://gre/modules/Promise-backend.js:746:7
this.PromiseWalker.scheduleWalkerLoop/<@resource://gre/modules/Promise-backend.js:688:37

1439966140738	addons.xpi	DEBUG	Calling bootstrap method shutdown on jid1-93CWPmRbVPjRQA@jetpack version 2.0.10
1439966140859	addons.manager	DEBUG	shutdown
1439966140859	addons.manager	DEBUG	Calling shutdown blocker for XPIProvider
1439966140860	addons.xpi	DEBUG	shutdown
1439966140860	addons.xpi-utils	DEBUG	shutdown
1439966140860	addons.manager	DEBUG	Calling shutdown blocker for LightweightThemeManager
1439966140861	addons.manager	DEBUG	Calling shutdown blocker for GMPProvider
1439966140862	addons.manager	DEBUG	Calling shutdown blocker for PluginProvider
1439966140862	addons.manager	DEBUG	Calling shutdown blocker for <unnamed-provider>
1439966140863	addons.manager	DEBUG	Calling shutdown blocker for PreviousExperimentProvider
1439966140864	addons.xpi	DEBUG	Notifying XPI shutdown observers
1439966140868	addons.manager	DEBUG	Async provider shutdown done

Build info: version: '2.43.0', revision: 'accb3003b9fb8f7cae30f9669b4c594a065396a6', time: '2014-09-09 22:22:51'
System info: host: 'UMESH-PC', ip: '172.16.104.65', os.name: 'Windows 7', os.arch: 'amd64', os.version: '6.1', java.version: '1.7.0_67'
Driver info: driver.version: FirefoxDriver
	at org.openqa.selenium.firefox.internal.NewProfileExtensionConnection.start(NewProfileExtensionConnection.java:130)
	at org.openqa.selenium.firefox.FirefoxDriver.startClient(FirefoxDriver.java:246)
	at org.openqa.selenium.remote.RemoteWebDriver.<init>(RemoteWebDriver.java:114)
	at org.openqa.selenium.firefox.FirefoxDriver.<init>(FirefoxDriver.java:191)
	at org.openqa.selenium.firefox.FirefoxDriver.<init>(FirefoxDriver.java:186)
	at org.openqa.selenium.firefox.FirefoxDriver.<init>(FirefoxDriver.java:182)
	at org.openqa.selenium.firefox.FirefoxDriver.<init>(FirefoxDriver.java:99)
	at com.via.base.util.SeleniumBase.openBrowsers(SeleniumBase.java:32)
	at com.via.holiday.pages.HomePageHoliday.openB2CBrowser(HomePageHoliday.java:12)
	at com.via.holiday.pages.TestHomePageHoliday.openViaHomepage(TestHomePageHoliday.java:15)
	at sun.reflect.NativeMethodAccessorImpl.invoke0(Native Method)
	at sun.reflect.NativeMethodAccessorImpl.invoke(NativeMethodAccessorImpl.java:57)
	at sun.reflect.DelegatingMethodAccessorImpl.invoke(DelegatingMethodAccessorImpl.java:43)
	at java.lang.reflect.Method.invoke(Method.java:606)
	at org.testng.internal.MethodInvocationHelper.invokeMethod(MethodInvocationHelper.java:84)
	at org.testng.internal.Invoker.invokeConfigurationMethod(Invoker.java:564)
	at org.testng.internal.Invoker.invokeConfigurations(Invoker.java:213)
	at org.testng.internal.Invoker.invokeConfigurations(Invoker.java:138)
	at org.testng.TestRunner.beforeRun(TestRunner.java:641)
	at org.testng.TestRunner.run(TestRunner.java:609)
	at org.testng.SuiteRunner.runTest(SuiteRunner.java:334)
	at org.testng.SuiteRunner.runSequentially(SuiteRunner.java:329)
	at org.testng.SuiteRunner.privateRun(SuiteRunner.java:291)
	at org.testng.SuiteRunner.run(SuiteRunner.java:240)
	at org.testng.SuiteRunnerWorker.runSuite(SuiteRunnerWorker.java:52)
	at org.testng.SuiteRunnerWorker.run(SuiteRunnerWorker.java:86)
	at org.testng.TestNG.runSuitesSequentially(TestNG.java:1224)
	at org.testng.TestNG.runSuitesLocally(TestNG.java:1149)
	at org.testng.TestNG.run(TestNG.java:1057)
	at org.apache.maven.surefire.testng.TestNGExecutor.run(TestNGExecutor.java:115)
	at org.apache.maven.surefire.testng.TestNGDirectoryTestSuite.executeSingleClass(TestNGDirectoryTestSuite.java:129)
	at org.apache.maven.surefire.testng.TestNGDirectoryTestSuite.execute(TestNGDirectoryTestSuite.java:113)
	at org.apache.maven.surefire.testng.TestNGProvider.invoke(TestNGProvider.java:111)
	at org.apache.maven.surefire.booter.ForkedBooter.invokeProviderInSameClassLoader(ForkedBooter.java:203)
	at org.apache.maven.surefire.booter.ForkedBooter.runSuitesInProcess(ForkedBooter.java:155)
	at org.apache.maven.surefire.booter.ForkedBooter.main(ForkedBooter.java:103)
Caused by: org.openqa.selenium.firefox.NotConnectedException: Unable to connect to host 127.0.0.1 on port 7055 after 45000 ms. Firefox console output:
er	DEBUG	Registering shutdown blocker for PluginProvider
1439966104497	addons.manager	DEBUG	Provider finished startup: PluginProvider
1439966104497	addons.manager	DEBUG	Completed startup sequence
1439966104672	addons.xpi-utils	DEBUG	Starting async load of XPI database C:\Users\UMESH\AppData\Local\Temp\anonymous8861643020866131831webdriver-profile\extensions.json
*** Blocklist::_loadBlocklistFromFile: blocklist is disabled
1439966104932	addons.manager	DEBUG	Starting provider: <unnamed-provider>
1439966104932	addons.manager	DEBUG	Registering shutdown blocker for <unnamed-provider>
1439966104933	addons.manager	DEBUG	Provider finished startup: <unnamed-provider>
1439966105214	addons.xpi-utils	DEBUG	Async JSON file read took 0 MS
1439966105214	addons.xpi-utils	DEBUG	Finished async read of XPI database, parsing...
1439966105217	addons.xpi-utils	DEBUG	Successfully read XPI database
1439966105797	addons.manager	DEBUG	Starting provider: PreviousExperimentProvider
1439966105797	addons.manager	DEBUG	Registering shutdown blocker for PreviousExperimentProvider
1439966105798	addons.manager	DEBUG	Provider finished startup: PreviousExperimentProvider
JavaScript error: file:///C:/Users/UMESH/AppData/Local/Temp/anonymous8861643020866131831webdriver-profile/extensions/fxdriver@googlecode.com/components/driver-component.js, line 11464: TypeError: this.server_ is undefined
JavaScript error: chrome://fxdriver/content/server.js, line 38: NS_ERROR_XPC_CI_RETURNED_FAILURE: Component returned failure code: 0x80570015 (NS_ERROR_XPC_CI_RETURNED_FAILURE) [nsIJSCID.createInstance]
console.error: f: 
  Message: Module `sdk/deprecated/events` is not found at resource://gre/modules/commonjs/sdk/deprecated/events.js
  Stack:
    CuddlefishLoader/options<.load@resource://gre/modules/commonjs/sdk/loader/cuddlefish.js:79:18
ToolbarButton@resource://985c8d42048c4cbeb0bed522bd235ee7-at-jetpack/f/lib/toolbarbutton.js:1:684
exports.main@resource://985c8d42048c4cbeb0bed522bd235ee7-at-jetpack/f/lib/main.js:1:5170
run@resource://gre/modules/commonjs/sdk/addon/runner.js:151:1
startup/</<@resource://gre/modules/commonjs/sdk/addon/runner.js:86:7
Handler.prototype.process@resource://gre/modules/Promise-backend.js:867:23
this.PromiseWalker.walkerLoop@resource://gre/modules/Promise-backend.js:746:7
this.PromiseWalker.scheduleWalkerLoop/<@resource://gre/modules/Promise-backend.js:688:37

console.error: f: 
  Message: Module `sdk/deprecated/events` is not found at resource://gre/modules/commonjs/sdk/deprecated/events.js
  Stack:
    CuddlefishLoader/options<.load@resource://gre/modules/commonjs/sdk/loader/cuddlefish.js:79:18
ToolbarButton@resource://985c8d42048c4cbeb0bed522bd235ee7-at-jetpack/f/lib/toolbarbutton.js:1:684
exports.main@resource://985c8d42048c4cbeb0bed522bd235ee7-at-jetpack/f/lib/main.js:1:5170
run@resource://gre/modules/commonjs/sdk/addon/runner.js:151:1
startup/</<@resource://gre/modules/commonjs/sdk/addon/runner.js:86:7
Handler.prototype.process@resource://gre/modules/Promise-backend.js:867:23
this.PromiseWalker.walkerLoop@resource://gre/modules/Promise-backend.js:746:7
this.PromiseWalker.scheduleWalkerLoop/<@resource://gre/modules/Promise-backend.js:688:37

1439966140738	addons.xpi	DEBUG	Calling bootstrap method shutdown on jid1-93CWPmRbVPjRQA@jetpack version 2.0.10
1439966140859	addons.manager	DEBUG	shutdown
1439966140859	addons.manager	DEBUG	Calling shutdown blocker for XPIProvider
1439966140860	addons.xpi	DEBUG	shutdown
1439966140860	addons.xpi-utils	DEBUG	shutdown
1439966140860	addons.manager	DEBUG	Calling shutdown blocker for LightweightThemeManager
1439966140861	addons.manager	DEBUG	Calling shutdown blocker for GMPProvider
1439966140862	addons.manager	DEBUG	Calling shutdown blocker for PluginProvider
1439966140862	addons.manager	DEBUG	Calling shutdown blocker for <unnamed-provider>
1439966140863	addons.manager	DEBUG	Calling shutdown blocker for PreviousExperimentProvider
1439966140864	addons.xpi	DEBUG	Notifying XPI shutdown observers
1439966140868	addons.manager	DEBUG	Async provider shutdown done

	at org.openqa.selenium.firefox.internal.NewProfileExtensionConnection.start(NewProfileExtensionConnection.java:118)
	... 35 more
]]>
    </failure>
  </testcase> <!-- testHotDealsImagesPresent -->
  <testcase name="logoTest" time="0.001" classname="com.via.holiday.pages.TestHomePageHoliday">
    <failure type="org.openqa.selenium.WebDriverException" message="Failed to connect to binary FirefoxBinary(C:\Program Files (x86)\Mozilla Firefox\firefox.exe) on port 7055; process output follows: 
er	DEBUG	Registering shutdown blocker for PluginProvider
1439966104497	addons.manager	DEBUG	Provider finished startup: PluginProvider
1439966104497	addons.manager	DEBUG	Completed startup sequence
1439966104672	addons.xpi-utils	DEBUG	Starting async load of XPI database C:\Users\UMESH\AppData\Local\Temp\anonymous8861643020866131831webdriver-profile\extensions.json
*** Blocklist::_loadBlocklistFromFile: blocklist is disabled
1439966104932	addons.manager	DEBUG	Starting provider: &lt;unnamed-provider&gt;
1439966104932	addons.manager	DEBUG	Registering shutdown blocker for &lt;unnamed-provider&gt;
1439966104933	addons.manager	DEBUG	Provider finished startup: &lt;unnamed-provider&gt;
1439966105214	addons.xpi-utils	DEBUG	Async JSON file read took 0 MS
1439966105214	addons.xpi-utils	DEBUG	Finished async read of XPI database, parsing...
1439966105217	addons.xpi-utils	DEBUG	Successfully read XPI database
1439966105797	addons.manager	DEBUG	Starting provider: PreviousExperimentProvider
1439966105797	addons.manager	DEBUG	Registering shutdown blocker for PreviousExperimentProvider
1439966105798	addons.manager	DEBUG	Provider finished startup: PreviousExperimentProvider
JavaScript error: file:///C:/Users/UMESH/AppData/Local/Temp/anonymous8861643020866131831webdriver-profile/extensions/fxdriver@googlecode.com/components/driver-component.js, line 11464: TypeError: this.server_ is undefined
JavaScript error: chrome://fxdriver/content/server.js, line 38: NS_ERROR_XPC_CI_RETURNED_FAILURE: Component returned failure code: 0x80570015 (NS_ERROR_XPC_CI_RETURNED_FAILURE) [nsIJSCID.createInstance]
console.error: f: 
  Message: Module `sdk/deprecated/events` is not found at resource://gre/modules/commonjs/sdk/deprecated/events.js
  Stack:
    CuddlefishLoader/options&lt;.load@resource://gre/modules/commonjs/sdk/loader/cuddlefish.js:79:18
ToolbarButton@resource://985c8d42048c4cbeb0bed522bd235ee7-at-jetpack/f/lib/toolbarbutton.js:1:684
exports.main@resource://985c8d42048c4cbeb0bed522bd235ee7-at-jetpack/f/lib/main.js:1:5170
run@resource://gre/modules/commonjs/sdk/addon/runner.js:151:1
startup/&lt;/&lt;@resource://gre/modules/commonjs/sdk/addon/runner.js:86:7
Handler.prototype.process@resource://gre/modules/Promise-backend.js:867:23
this.PromiseWalker.walkerLoop@resource://gre/modules/Promise-backend.js:746:7
this.PromiseWalker.scheduleWalkerLoop/&lt;@resource://gre/modules/Promise-backend.js:688:37

console.error: f: 
  Message: Module `sdk/deprecated/events` is not found at resource://gre/modules/commonjs/sdk/deprecated/events.js
  Stack:
    CuddlefishLoader/options&lt;.load@resource://gre/modules/commonjs/sdk/loader/cuddlefish.js:79:18
ToolbarButton@resource://985c8d42048c4cbeb0bed522bd235ee7-at-jetpack/f/lib/toolbarbutton.js:1:684
exports.main@resource://985c8d42048c4cbeb0bed522bd235ee7-at-jetpack/f/lib/main.js:1:5170
run@resource://gre/modules/commonjs/sdk/addon/runner.js:151:1
startup/&lt;/&lt;@resource://gre/modules/commonjs/sdk/addon/runner.js:86:7
Handler.prototype.process@resource://gre/modules/Promise-backend.js:867:23
this.PromiseWalker.walkerLoop@resource://gre/modules/Promise-backend.js:746:7
this.PromiseWalker.scheduleWalkerLoop/&lt;@resource://gre/modules/Promise-backend.js:688:37

1439966140738	addons.xpi	DEBUG	Calling bootstrap method shutdown on jid1-93CWPmRbVPjRQA@jetpack version 2.0.10
1439966140859	addons.manager	DEBUG	shutdown
1439966140859	addons.manager	DEBUG	Calling shutdown blocker for XPIProvider
1439966140860	addons.xpi	DEBUG	shutdown
1439966140860	addons.xpi-utils	DEBUG	shutdown
1439966140860	addons.manager	DEBUG	Calling shutdown blocker for LightweightThemeManager
1439966140861	addons.manager	DEBUG	Calling shutdown blocker for GMPProvider
1439966140862	addons.manager	DEBUG	Calling shutdown blocker for PluginProvider
1439966140862	addons.manager	DEBUG	Calling shutdown blocker for &lt;unnamed-provider&gt;
1439966140863	addons.manager	DEBUG	Calling shutdown blocker for PreviousExperimentProvider
1439966140864	addons.xpi	DEBUG	Notifying XPI shutdown observers
1439966140868	addons.manager	DEBUG	Async provider shutdown done

Build info: version: &#039;2.43.0&#039;, revision: &#039;accb3003b9fb8f7cae30f9669b4c594a065396a6&#039;, time: &#039;2014-09-09 22:22:51&#039;
System info: host: &#039;UMESH-PC&#039;, ip: &#039;172.16.104.65&#039;, os.name: &#039;Windows 7&#039;, os.arch: &#039;amd64&#039;, os.version: &#039;6.1&#039;, java.version: &#039;1.7.0_67&#039;
Driver info: driver.version: FirefoxDriver">
      <![CDATA[org.openqa.selenium.WebDriverException: Failed to connect to binary FirefoxBinary(C:\Program Files (x86)\Mozilla Firefox\firefox.exe) on port 7055; process output follows: 
er	DEBUG	Registering shutdown blocker for PluginProvider
1439966104497	addons.manager	DEBUG	Provider finished startup: PluginProvider
1439966104497	addons.manager	DEBUG	Completed startup sequence
1439966104672	addons.xpi-utils	DEBUG	Starting async load of XPI database C:\Users\UMESH\AppData\Local\Temp\anonymous8861643020866131831webdriver-profile\extensions.json
*** Blocklist::_loadBlocklistFromFile: blocklist is disabled
1439966104932	addons.manager	DEBUG	Starting provider: <unnamed-provider>
1439966104932	addons.manager	DEBUG	Registering shutdown blocker for <unnamed-provider>
1439966104933	addons.manager	DEBUG	Provider finished startup: <unnamed-provider>
1439966105214	addons.xpi-utils	DEBUG	Async JSON file read took 0 MS
1439966105214	addons.xpi-utils	DEBUG	Finished async read of XPI database, parsing...
1439966105217	addons.xpi-utils	DEBUG	Successfully read XPI database
1439966105797	addons.manager	DEBUG	Starting provider: PreviousExperimentProvider
1439966105797	addons.manager	DEBUG	Registering shutdown blocker for PreviousExperimentProvider
1439966105798	addons.manager	DEBUG	Provider finished startup: PreviousExperimentProvider
JavaScript error: file:///C:/Users/UMESH/AppData/Local/Temp/anonymous8861643020866131831webdriver-profile/extensions/fxdriver@googlecode.com/components/driver-component.js, line 11464: TypeError: this.server_ is undefined
JavaScript error: chrome://fxdriver/content/server.js, line 38: NS_ERROR_XPC_CI_RETURNED_FAILURE: Component returned failure code: 0x80570015 (NS_ERROR_XPC_CI_RETURNED_FAILURE) [nsIJSCID.createInstance]
console.error: f: 
  Message: Module `sdk/deprecated/events` is not found at resource://gre/modules/commonjs/sdk/deprecated/events.js
  Stack:
    CuddlefishLoader/options<.load@resource://gre/modules/commonjs/sdk/loader/cuddlefish.js:79:18
ToolbarButton@resource://985c8d42048c4cbeb0bed522bd235ee7-at-jetpack/f/lib/toolbarbutton.js:1:684
exports.main@resource://985c8d42048c4cbeb0bed522bd235ee7-at-jetpack/f/lib/main.js:1:5170
run@resource://gre/modules/commonjs/sdk/addon/runner.js:151:1
startup/</<@resource://gre/modules/commonjs/sdk/addon/runner.js:86:7
Handler.prototype.process@resource://gre/modules/Promise-backend.js:867:23
this.PromiseWalker.walkerLoop@resource://gre/modules/Promise-backend.js:746:7
this.PromiseWalker.scheduleWalkerLoop/<@resource://gre/modules/Promise-backend.js:688:37

console.error: f: 
  Message: Module `sdk/deprecated/events` is not found at resource://gre/modules/commonjs/sdk/deprecated/events.js
  Stack:
    CuddlefishLoader/options<.load@resource://gre/modules/commonjs/sdk/loader/cuddlefish.js:79:18
ToolbarButton@resource://985c8d42048c4cbeb0bed522bd235ee7-at-jetpack/f/lib/toolbarbutton.js:1:684
exports.main@resource://985c8d42048c4cbeb0bed522bd235ee7-at-jetpack/f/lib/main.js:1:5170
run@resource://gre/modules/commonjs/sdk/addon/runner.js:151:1
startup/</<@resource://gre/modules/commonjs/sdk/addon/runner.js:86:7
Handler.prototype.process@resource://gre/modules/Promise-backend.js:867:23
this.PromiseWalker.walkerLoop@resource://gre/modules/Promise-backend.js:746:7
this.PromiseWalker.scheduleWalkerLoop/<@resource://gre/modules/Promise-backend.js:688:37

1439966140738	addons.xpi	DEBUG	Calling bootstrap method shutdown on jid1-93CWPmRbVPjRQA@jetpack version 2.0.10
1439966140859	addons.manager	DEBUG	shutdown
1439966140859	addons.manager	DEBUG	Calling shutdown blocker for XPIProvider
1439966140860	addons.xpi	DEBUG	shutdown
1439966140860	addons.xpi-utils	DEBUG	shutdown
1439966140860	addons.manager	DEBUG	Calling shutdown blocker for LightweightThemeManager
1439966140861	addons.manager	DEBUG	Calling shutdown blocker for GMPProvider
1439966140862	addons.manager	DEBUG	Calling shutdown blocker for PluginProvider
1439966140862	addons.manager	DEBUG	Calling shutdown blocker for <unnamed-provider>
1439966140863	addons.manager	DEBUG	Calling shutdown blocker for PreviousExperimentProvider
1439966140864	addons.xpi	DEBUG	Notifying XPI shutdown observers
1439966140868	addons.manager	DEBUG	Async provider shutdown done

Build info: version: '2.43.0', revision: 'accb3003b9fb8f7cae30f9669b4c594a065396a6', time: '2014-09-09 22:22:51'
System info: host: 'UMESH-PC', ip: '172.16.104.65', os.name: 'Windows 7', os.arch: 'amd64', os.version: '6.1', java.version: '1.7.0_67'
Driver info: driver.version: FirefoxDriver
	at org.openqa.selenium.firefox.internal.NewProfileExtensionConnection.start(NewProfileExtensionConnection.java:130)
	at org.openqa.selenium.firefox.FirefoxDriver.startClient(FirefoxDriver.java:246)
	at org.openqa.selenium.remote.RemoteWebDriver.<init>(RemoteWebDriver.java:114)
	at org.openqa.selenium.firefox.FirefoxDriver.<init>(FirefoxDriver.java:191)
	at org.openqa.selenium.firefox.FirefoxDriver.<init>(FirefoxDriver.java:186)
	at org.openqa.selenium.firefox.FirefoxDriver.<init>(FirefoxDriver.java:182)
	at org.openqa.selenium.firefox.FirefoxDriver.<init>(FirefoxDriver.java:99)
	at com.via.base.util.SeleniumBase.openBrowsers(SeleniumBase.java:32)
	at com.via.holiday.pages.HomePageHoliday.openB2CBrowser(HomePageHoliday.java:12)
	at com.via.holiday.pages.TestHomePageHoliday.openViaHomepage(TestHomePageHoliday.java:15)
	at sun.reflect.NativeMethodAccessorImpl.invoke0(Native Method)
	at sun.reflect.NativeMethodAccessorImpl.invoke(NativeMethodAccessorImpl.java:57)
	at sun.reflect.DelegatingMethodAccessorImpl.invoke(DelegatingMethodAccessorImpl.java:43)
	at java.lang.reflect.Method.invoke(Method.java:606)
	at org.testng.internal.MethodInvocationHelper.invokeMethod(MethodInvocationHelper.java:84)
	at org.testng.internal.Invoker.invokeConfigurationMethod(Invoker.java:564)
	at org.testng.internal.Invoker.invokeConfigurations(Invoker.java:213)
	at org.testng.internal.Invoker.invokeConfigurations(Invoker.java:138)
	at org.testng.TestRunner.beforeRun(TestRunner.java:641)
	at org.testng.TestRunner.run(TestRunner.java:609)
	at org.testng.SuiteRunner.runTest(SuiteRunner.java:334)
	at org.testng.SuiteRunner.runSequentially(SuiteRunner.java:329)
	at org.testng.SuiteRunner.privateRun(SuiteRunner.java:291)
	at org.testng.SuiteRunner.run(SuiteRunner.java:240)
	at org.testng.SuiteRunnerWorker.runSuite(SuiteRunnerWorker.java:52)
	at org.testng.SuiteRunnerWorker.run(SuiteRunnerWorker.java:86)
	at org.testng.TestNG.runSuitesSequentially(TestNG.java:1224)
	at org.testng.TestNG.runSuitesLocally(TestNG.java:1149)
	at org.testng.TestNG.run(TestNG.java:1057)
	at org.apache.maven.surefire.testng.TestNGExecutor.run(TestNGExecutor.java:115)
	at org.apache.maven.surefire.testng.TestNGDirectoryTestSuite.executeSingleClass(TestNGDirectoryTestSuite.java:129)
	at org.apache.maven.surefire.testng.TestNGDirectoryTestSuite.execute(TestNGDirectoryTestSuite.java:113)
	at org.apache.maven.surefire.testng.TestNGProvider.invoke(TestNGProvider.java:111)
	at org.apache.maven.surefire.booter.ForkedBooter.invokeProviderInSameClassLoader(ForkedBooter.java:203)
	at org.apache.maven.surefire.booter.ForkedBooter.runSuitesInProcess(ForkedBooter.java:155)
	at org.apache.maven.surefire.booter.ForkedBooter.main(ForkedBooter.java:103)
Caused by: org.openqa.selenium.firefox.NotConnectedException: Unable to connect to host 127.0.0.1 on port 7055 after 45000 ms. Firefox console output:
er	DEBUG	Registering shutdown blocker for PluginProvider
1439966104497	addons.manager	DEBUG	Provider finished startup: PluginProvider
1439966104497	addons.manager	DEBUG	Completed startup sequence
1439966104672	addons.xpi-utils	DEBUG	Starting async load of XPI database C:\Users\UMESH\AppData\Local\Temp\anonymous8861643020866131831webdriver-profile\extensions.json
*** Blocklist::_loadBlocklistFromFile: blocklist is disabled
1439966104932	addons.manager	DEBUG	Starting provider: <unnamed-provider>
1439966104932	addons.manager	DEBUG	Registering shutdown blocker for <unnamed-provider>
1439966104933	addons.manager	DEBUG	Provider finished startup: <unnamed-provider>
1439966105214	addons.xpi-utils	DEBUG	Async JSON file read took 0 MS
1439966105214	addons.xpi-utils	DEBUG	Finished async read of XPI database, parsing...
1439966105217	addons.xpi-utils	DEBUG	Successfully read XPI database
1439966105797	addons.manager	DEBUG	Starting provider: PreviousExperimentProvider
1439966105797	addons.manager	DEBUG	Registering shutdown blocker for PreviousExperimentProvider
1439966105798	addons.manager	DEBUG	Provider finished startup: PreviousExperimentProvider
JavaScript error: file:///C:/Users/UMESH/AppData/Local/Temp/anonymous8861643020866131831webdriver-profile/extensions/fxdriver@googlecode.com/components/driver-component.js, line 11464: TypeError: this.server_ is undefined
JavaScript error: chrome://fxdriver/content/server.js, line 38: NS_ERROR_XPC_CI_RETURNED_FAILURE: Component returned failure code: 0x80570015 (NS_ERROR_XPC_CI_RETURNED_FAILURE) [nsIJSCID.createInstance]
console.error: f: 
  Message: Module `sdk/deprecated/events` is not found at resource://gre/modules/commonjs/sdk/deprecated/events.js
  Stack:
    CuddlefishLoader/options<.load@resource://gre/modules/commonjs/sdk/loader/cuddlefish.js:79:18
ToolbarButton@resource://985c8d42048c4cbeb0bed522bd235ee7-at-jetpack/f/lib/toolbarbutton.js:1:684
exports.main@resource://985c8d42048c4cbeb0bed522bd235ee7-at-jetpack/f/lib/main.js:1:5170
run@resource://gre/modules/commonjs/sdk/addon/runner.js:151:1
startup/</<@resource://gre/modules/commonjs/sdk/addon/runner.js:86:7
Handler.prototype.process@resource://gre/modules/Promise-backend.js:867:23
this.PromiseWalker.walkerLoop@resource://gre/modules/Promise-backend.js:746:7
this.PromiseWalker.scheduleWalkerLoop/<@resource://gre/modules/Promise-backend.js:688:37

console.error: f: 
  Message: Module `sdk/deprecated/events` is not found at resource://gre/modules/commonjs/sdk/deprecated/events.js
  Stack:
    CuddlefishLoader/options<.load@resource://gre/modules/commonjs/sdk/loader/cuddlefish.js:79:18
ToolbarButton@resource://985c8d42048c4cbeb0bed522bd235ee7-at-jetpack/f/lib/toolbarbutton.js:1:684
exports.main@resource://985c8d42048c4cbeb0bed522bd235ee7-at-jetpack/f/lib/main.js:1:5170
run@resource://gre/modules/commonjs/sdk/addon/runner.js:151:1
startup/</<@resource://gre/modules/commonjs/sdk/addon/runner.js:86:7
Handler.prototype.process@resource://gre/modules/Promise-backend.js:867:23
this.PromiseWalker.walkerLoop@resource://gre/modules/Promise-backend.js:746:7
this.PromiseWalker.scheduleWalkerLoop/<@resource://gre/modules/Promise-backend.js:688:37

1439966140738	addons.xpi	DEBUG	Calling bootstrap method shutdown on jid1-93CWPmRbVPjRQA@jetpack version 2.0.10
1439966140859	addons.manager	DEBUG	shutdown
1439966140859	addons.manager	DEBUG	Calling shutdown blocker for XPIProvider
1439966140860	addons.xpi	DEBUG	shutdown
1439966140860	addons.xpi-utils	DEBUG	shutdown
1439966140860	addons.manager	DEBUG	Calling shutdown blocker for LightweightThemeManager
1439966140861	addons.manager	DEBUG	Calling shutdown blocker for GMPProvider
1439966140862	addons.manager	DEBUG	Calling shutdown blocker for PluginProvider
1439966140862	addons.manager	DEBUG	Calling shutdown blocker for <unnamed-provider>
1439966140863	addons.manager	DEBUG	Calling shutdown blocker for PreviousExperimentProvider
1439966140864	addons.xpi	DEBUG	Notifying XPI shutdown observers
1439966140868	addons.manager	DEBUG	Async provider shutdown done

	at org.openqa.selenium.firefox.internal.NewProfileExtensionConnection.start(NewProfileExtensionConnection.java:118)
	... 35 more
]]>
    </failure>
  </testcase> <!-- logoTest -->
</testsuite> <!-- com.via.holiday.pages.TestHomePageHoliday -->
